[NX Daemon Server] - 2025-04-28T14:52:11.989Z - Started listening on: /var/folders/vs/w92pb1lx00g4hwc1b_5_t4fc0000gn/T/5c463be4c5c978f775ee/d.sock
[NX Daemon Server] - 2025-04-28T14:52:11.991Z - [WATCHER]: Subscribed to changes within: /Users/naveen/Desktop/ecommerce-angular_springboot/ecommerce (native)
[NX Daemon Server] - 2025-04-28T14:52:11.997Z - Established a connection. Number of open connections: 1
[NX Daemon Server] - 2025-04-28T14:52:11.998Z - Established a connection. Number of open connections: 2
[NX Daemon Server] - 2025-04-28T14:52:12.000Z - Closed a connection. Number of open connections: 1
[NX Daemon Server] - 2025-04-28T14:52:12.001Z - [REQUEST]: Responding to the client. Shutdown initiated
[NX Daemon Server] - 2025-04-28T14:52:12.001Z - Done responding to the client Shutdown initiated
[NX Daemon Server] - 2025-04-28T14:52:12.001Z - Handled FORCE_SHUTDOWN. Handling time: 0. Response time: 0.
[NX Daemon Server] - 2025-04-28T14:52:12.002Z - [WATCHER]: Stopping the watcher for /Users/naveen/Desktop/ecommerce-angular_springboot/ecommerce (sources)
[NX Daemon Server] - 2025-04-28T14:52:12.002Z - Closed a connection. Number of open connections: 0
[NX Daemon Server] - 2025-04-28T14:52:12.002Z - [WATCHER]: Stopping the watcher for /Users/naveen/Desktop/ecommerce-angular_springboot/ecommerce (outputs)
[NX Daemon Server] - 2025-04-28T14:52:31.708Z - Started listening on: /var/folders/vs/w92pb1lx00g4hwc1b_5_t4fc0000gn/T/5c463be4c5c978f775ee/d.sock
[NX Daemon Server] - 2025-04-28T14:52:31.709Z - [WATCHER]: Subscribed to changes within: /Users/naveen/Desktop/ecommerce-angular_springboot/ecommerce (native)
[NX Daemon Server] - 2025-04-28T14:52:31.716Z - Established a connection. Number of open connections: 1
[NX Daemon Server] - 2025-04-28T14:52:31.716Z - Established a connection. Number of open connections: 2
[NX Daemon Server] - 2025-04-28T14:52:31.717Z - Closed a connection. Number of open connections: 1
[NX Daemon Server] - 2025-04-28T14:52:31.718Z - [REQUEST]: Client Request for Project Graph Received
(node:75442) [DEP0040] DeprecationWarning: The `punycode` module is deprecated. Please use a userland alternative instead.
(Use `node --trace-deprecation ...` to show where the warning was created)
[NX Daemon Server] - 2025-04-28T14:52:31.930Z - [REQUEST]: Updated workspace context based on watched changes, recomputing project graph...
[NX Daemon Server] - 2025-04-28T14:52:31.930Z - [REQUEST]: 
[NX Daemon Server] - 2025-04-28T14:52:31.930Z - [REQUEST]: 
[NX Daemon Server] - 2025-04-28T14:52:31.934Z - Time taken for 'loadNxPlugins' 211.41062499999998ms
[NX Daemon Server] - 2025-04-28T14:52:31.966Z - Time taken for 'build-project-configs' 21.057916999999975ms
[NX Daemon Server] - 2025-04-28T14:52:31.969Z - Time taken for '@nxrocks/nx-spring-boot:createDependencies' 5.090499999999963ms
[NX Daemon Server] - 2025-04-28T14:52:32.002Z - [SYNC]: collect registered sync generators
[NX Daemon Server] - 2025-04-28T14:52:32.002Z - [SYNC]: scheduling: []
[NX Daemon Server] - 2025-04-28T14:52:32.002Z - [REQUEST]: Responding to the client. project-graph
[NX Daemon Server] - 2025-04-28T14:52:32.003Z - Time taken for 'total for creating and serializing project graph' 284.74579100000005ms
[NX Daemon Server] - 2025-04-28T14:52:32.006Z - Done responding to the client project-graph
[NX Daemon Server] - 2025-04-28T14:52:32.006Z - Handled REQUEST_PROJECT_GRAPH. Handling time: 284. Response time: 4.
[NX Daemon Server] - 2025-04-28T14:52:32.023Z - [REQUEST]: Responding to the client. handleHashTasks
[NX Daemon Server] - 2025-04-28T14:52:32.023Z - Done responding to the client handleHashTasks
[NX Daemon Server] - 2025-04-28T14:52:32.023Z - Handled HASH_TASKS. Handling time: 11. Response time: 0.
[NX Daemon Server] - 2025-04-28T14:52:32.267Z - Established a connection. Number of open connections: 2
[NX Daemon Server] - 2025-04-28T14:52:32.267Z - Closed a connection. Number of open connections: 1
[NX Daemon Server] - 2025-04-28T14:52:32.267Z - Established a connection. Number of open connections: 2
[NX Daemon Server] - 2025-04-28T14:52:32.268Z - [REQUEST]: Client Request for Project Graph Received
[NX Daemon Server] - 2025-04-28T14:52:32.268Z - [REQUEST]: Responding to the client. project-graph
[NX Daemon Server] - 2025-04-28T14:52:32.269Z - Time taken for 'total for creating and serializing project graph' 0.14354100000002745ms
[NX Daemon Server] - 2025-04-28T14:52:32.270Z - Done responding to the client project-graph
[NX Daemon Server] - 2025-04-28T14:52:32.270Z - Handled REQUEST_PROJECT_GRAPH. Handling time: 0. Response time: 2.
[NX Daemon Server] - 2025-04-28T14:52:34.847Z - [WATCHER]: .angular/cache/18.2.2/ecom-frontend/.tsbuildinfo was created or restored
[NX Daemon Server] - 2025-04-28T14:52:34.848Z - [WATCHER]: Processing file changes in outputs
[NX Daemon Server] - 2025-04-28T14:52:34.949Z - [REQUEST]: Updated workspace context based on watched changes, recomputing project graph...
[NX Daemon Server] - 2025-04-28T14:52:34.950Z - [REQUEST]: .angular/cache/18.2.2/ecom-frontend/.tsbuildinfo
[NX Daemon Server] - 2025-04-28T14:52:34.950Z - [REQUEST]: 
[NX Daemon Server] - 2025-04-28T14:52:34.952Z - Time taken for 'hash changed files from watcher' 0.27145800000016607ms
[NX Daemon Server] - 2025-04-28T14:52:34.976Z - Time taken for 'build-project-configs' 21.096042000000125ms
[NX Daemon Server] - 2025-04-28T14:52:34.979Z - Time taken for '@nxrocks/nx-spring-boot:createDependencies' 5.235000000000127ms
[NX Daemon Server] - 2025-04-28T14:52:34.994Z - [SYNC]: collect registered sync generators
[NX Daemon Server] - 2025-04-28T14:52:34.994Z - [SYNC]: project graph hash is the same, not collecting task sync generators
[NX Daemon Server] - 2025-04-28T14:52:34.995Z - [SYNC]: nx.json hash is the same, not collecting global sync generators
[NX Daemon Server] - 2025-04-28T14:52:34.995Z - [SYNC]: scheduling: []
[NX Daemon Server] - 2025-04-28T14:52:34.995Z - Time taken for 'total execution time for createProjectGraph()' 18.255040999999892ms
[NX Daemon Server] - 2025-04-28T14:52:35.213Z - [WATCHER]: Processing file changes in outputs
[NX Daemon Server] - 2025-04-28T14:52:35.213Z - [WATCHER]: 2 file(s) created or restored, 0 file(s) modified, 0 file(s) deleted
[NX Daemon Server] - 2025-04-28T14:52:35.315Z - [REQUEST]: Updated workspace context based on watched changes, recomputing project graph...
[NX Daemon Server] - 2025-04-28T14:52:35.315Z - [REQUEST]: .angular/cache/18.2.2/vite/deps_ssr_temp_8aff64f1/package.json,.angular/cache/18.2.2/vite/deps_temp_688ae36d/package.json
[NX Daemon Server] - 2025-04-28T14:52:35.315Z - [REQUEST]: 
[NX Daemon Server] - 2025-04-28T14:52:35.317Z - Time taken for 'hash changed files from watcher' 0.2634579999999005ms
[NX Daemon Server] - 2025-04-28T14:52:35.331Z - Time taken for 'build-project-configs' 11.015917000000172ms
[NX Daemon Server] - 2025-04-28T14:52:35.335Z - Time taken for '@nxrocks/nx-spring-boot:createDependencies' 7.024042000000009ms
[NX Daemon Server] - 2025-04-28T14:52:35.348Z - [SYNC]: collect registered sync generators
[NX Daemon Server] - 2025-04-28T14:52:35.349Z - [SYNC]: project graph hash is the same, not collecting task sync generators
[NX Daemon Server] - 2025-04-28T14:52:35.349Z - [SYNC]: nx.json hash is the same, not collecting global sync generators
[NX Daemon Server] - 2025-04-28T14:52:35.349Z - [SYNC]: scheduling: []
[NX Daemon Server] - 2025-04-28T14:52:35.349Z - Time taken for 'total execution time for createProjectGraph()' 16.447125000000142ms
[NX Daemon Server] - 2025-04-28T14:52:39.168Z - [WATCHER]: 54 file(s) created or restored, 0 file(s) modified, 62 file(s) deleted
[NX Daemon Server] - 2025-04-28T14:52:39.171Z - [WATCHER]: Processing file changes in outputs
[NX Daemon Server] - 2025-04-28T14:52:39.277Z - [REQUEST]: Updated workspace context based on watched changes, recomputing project graph...
[NX Daemon Server] - 2025-04-28T14:52:39.277Z - [REQUEST]: .angular/cache/18.2.2/vite/deps_temp_688ae36d/chunk-Q3SR6UOA.js,.angular/cache/18.2.2/vite/deps_temp_688ae36d/ngxtension_inject-query-params.js.map,.angular/cache/18.2.2/vite/deps_temp_688ae36d/chunk-KX4LG3VE.js,.angular/cache/18.2.2/vite/deps_temp_688ae36d/@angular_core.js,.angular/cache/18.2.2/vite/deps_temp_688ae36d/chunk-WDMUDEB6.js,.angular/cache/18.2.2/vite/deps_temp_688ae36d/@angular_core.js.map,.angular/cache/18.2.2/vite/deps_temp_688ae36d/chunk-K7W3UN3E.js,.angular/cache/18.2.2/vite/deps_temp_688ae36d/@fortawesome_free-solid-svg-icons.js.map,.angular/cache/18.2.2/vite/deps_temp_688ae36d/angular-auth-oidc-client.js,.angular/cache/18.2.2/vite/deps_temp_688ae36d/@angular_common.js,.angular/cache/18.2.2/vite/deps_temp_688ae36d/chunk-Y33LYUQV.js.map,.angular/cache/18.2.2/vite/deps_temp_688ae36d/@fortawesome_angular-fontawesome.js,.angular/cache/18.2.2/vite/deps_temp_688ae36d/chunk-Y33LYUQV.js,.angular/cache/18.2.2/vite/deps_temp_688ae36d/@angular_common_http.js.map,.angular/cache/18.2.2/vite/deps_temp_688ae36d/chunk-GUN7VAH6.js,.angular/cache/18.2.2/vite/deps_temp_688ae36d/chunk-K7W3UN3E.js.map,.angular/cache/18.2.2/vite/deps_temp_688ae36d/@fortawesome_angular-fontawesome.js.map,.angular/cache/18.2.2/vite/deps_temp_688ae36d/chunk-SZFLBOQ6.js.map,.angular/cache/18.2.2/vite/deps_temp_688ae36d/@tanstack_angular-query-experimental.js,.angular/cache/18.2.2/vite/deps_temp_688ae36d/chunk-7Z7IUP23.js.map,.angular/cache/18.2.2/vite/deps_temp_688ae36d/ngx-stripe.js,.angular/cache/18.2.2/vite/deps_temp_688ae36d/@angular_forms.js,.angular/cache/18.2.2/vite/deps_temp_688ae36d/@fortawesome_free-regular-svg-icons.js,.angular/cache/18.2.2/vite/deps_temp_688ae36d/@angular_platform-browser.js,.angular/cache/18.2.2/vite/deps_temp_688ae36d/ngxtension_control-error.js.map,.angular/cache/18.2.2/vite/deps_temp_688ae36d/chunk-X3E7OF3P.js.map,.angular/cache/18.2.2/vite/deps_temp_688ae36d/chunk-SZFLBOQ6.js,.angular/cache/18.2.2/vite/deps_temp_688ae36d/angular-auth-oidc-client.js.map,.angular/cache/18.2.2/vite/deps_temp_688ae36d/ngxtension_click-outside.js,.angular/cache/18.2.2/vite/deps_temp_688ae36d/@angular_common.js.map,.angular/cache/18.2.2/vite/deps_temp_688ae36d/chunk-X3E7OF3P.js,.angular/cache/18.2.2/vite/deps_temp_688ae36d/@angular_router.js,.angular/cache/18.2.2/vite/deps_temp_688ae36d/@fortawesome_free-solid-svg-icons.js,.angular/cache/18.2.2/vite/deps_temp_688ae36d/@fortawesome_free-brands-svg-icons.js.map,.angular/cache/18.2.2/vite/deps_temp_688ae36d/@angular_forms.js.map,.angular/cache/18.2.2/vite/deps_temp_688ae36d/ngxtension_inject-query-params.js,.angular/cache/18.2.2/vite/deps_temp_688ae36d/ngxtension_control-error.js,.angular/cache/18.2.2/vite/deps_temp_688ae36d/ngxtension_inject-params.js,.angular/cache/18.2.2/vite/deps_temp_688ae36d/chunk-GUN7VAH6.js.map,.angular/cache/18.2.2/vite/deps_temp_688ae36d/@tanstack_angular-query-experimental.js.map,.angular/cache/18.2.2/vite/deps_temp_688ae36d/rxjs.js.map,.angular/cache/18.2.2/vite/deps_temp_688ae36d/chunk-WDMUDEB6.js.map,.angular/cache/18.2.2/vite/deps_temp_688ae36d/chunk-KX4LG3VE.js.map,.angular/cache/18.2.2/vite/deps_temp_688ae36d/chunk-Q3SR6UOA.js.map,.angular/cache/18.2.2/vite/deps_temp_688ae36d/@fortawesome_free-regular-svg-icons.js.map,.angular/cache/18.2.2/vite/deps_temp_688ae36d/@angular_router.js.map,.angular/cache/18.2.2/vite/deps_temp_688ae36d/@fortawesome_free-brands-svg-icons.js,.angular/cache/18.2.2/vite/deps_temp_688ae36d/ngx-stripe.js.map,.angular/cache/18.2.2/vite/deps_temp_688ae36d/chunk-7Z7IUP23.js,.angular/cache/18.2.2/vite/deps_temp_688ae36d/ngxtension_click-outside.js.map,.angular/cache/18.2.2/vite/deps_temp_688ae36d/@angular_platform-browser.js.map,.angular/cache/18.2.2/vite/deps_temp_688ae36d/@angular_common_http.js,.angular/cache/18.2.2/vite/deps_temp_688ae36d/ngxtension_inject-params.js.map,.angular/cache/18.2.2/vite/deps_temp_688ae36d/rxjs.js
[NX Daemon Server] - 2025-04-28T14:52:39.277Z - [REQUEST]: .angular/cache/18.2.2/vite/deps_ssr_temp_8aff64f1/rxjs.js,.angular/cache/18.2.2/vite/deps_ssr_temp_8aff64f1/@angular_platform-browser.js,.angular/cache/18.2.2/vite/deps_ssr_temp_8aff64f1/@angular_common_http.js,.angular/cache/18.2.2/vite/deps_ssr_temp_8aff64f1/angular-auth-oidc-client.js,.angular/cache/18.2.2/vite/deps_ssr_temp_8aff64f1/@fortawesome_free-solid-svg-icons.js,.angular/cache/18.2.2/vite/deps_ssr_temp_8aff64f1/ngxtension_click-outside.js,.angular/cache/18.2.2/vite/deps_ssr_temp_8aff64f1/@angular_core.js.map,.angular/cache/18.2.2/vite/deps_ssr_temp_8aff64f1/ngxtension_inject-query-params.js,.angular/cache/18.2.2/vite/deps_ssr_temp_8aff64f1/@angular_core.js,.angular/cache/18.2.2/vite/deps_ssr_temp_8aff64f1/@fortawesome_free-solid-svg-icons.js.map,.angular/cache/18.2.2/vite/deps_ssr_temp_8aff64f1/@angular_forms.js,.angular/cache/18.2.2/vite/deps_ssr_temp_8aff64f1/xhr2-V2GDQ3PS.js,.angular/cache/18.2.2/vite/deps_ssr_temp_8aff64f1/@angular_common_http.js.map,.angular/cache/18.2.2/vite/deps_ssr_temp_8aff64f1/chunk-YYUEM3RU.js.map,.angular/cache/18.2.2/vite/deps_ssr_temp_8aff64f1/@angular_platform-browser.js.map,.angular/cache/18.2.2/vite/deps_ssr_temp_8aff64f1/@angular_common.js.map,.angular/cache/18.2.2/vite/deps_ssr_temp_8aff64f1/@fortawesome_free-brands-svg-icons.js,.angular/cache/18.2.2/vite/deps_ssr_temp_8aff64f1/@fortawesome_angular-fontawesome.js,.angular/cache/18.2.2/vite/deps_ssr_temp_8aff64f1/ngxtension_inject-params.js.map,.angular/cache/18.2.2/vite/deps_ssr_temp_8aff64f1/chunk-ANCXVQZ5.js.map,.angular/cache/18.2.2/vite/deps_ssr_temp_8aff64f1/chunk-ZYJEVPVL.js.map,.angular/cache/18.2.2/vite/deps_ssr_temp_8aff64f1/@ng-web-apis_universal.js.map,.angular/cache/18.2.2/vite/deps_ssr_temp_8aff64f1/ngxtension_inject-query-params.js.map,.angular/cache/18.2.2/vite/deps_ssr_temp_8aff64f1/@angular_common.js,.angular/cache/18.2.2/vite/deps_ssr_temp_8aff64f1/@fortawesome_free-regular-svg-icons.js,.angular/cache/18.2.2/vite/deps_ssr_temp_8aff64f1/@fortawesome_angular-fontawesome.js.map,.angular/cache/18.2.2/vite/deps_ssr_temp_8aff64f1/chunk-ZWHSJOYW.js.map,.angular/cache/18.2.2/vite/deps_ssr_temp_8aff64f1/chunk-QZAEVUZF.js.map,.angular/cache/18.2.2/vite/deps_ssr_temp_8aff64f1/chunk-W7OK22Z3.js.map,.angular/cache/18.2.2/vite/deps_ssr_temp_8aff64f1/chunk-ANCXVQZ5.js,.angular/cache/18.2.2/vite/deps_ssr_temp_8aff64f1/@angular_platform-server.js,.angular/cache/18.2.2/vite/deps_ssr_temp_8aff64f1/chunk-UOWK3HKW.js.map,.angular/cache/18.2.2/vite/deps_ssr_temp_8aff64f1/@tanstack_angular-query-experimental.js.map,.angular/cache/18.2.2/vite/deps_ssr_temp_8aff64f1/chunk-UOWK3HKW.js,.angular/cache/18.2.2/vite/deps_ssr_temp_8aff64f1/xhr2-V2GDQ3PS.js.map,.angular/cache/18.2.2/vite/deps_ssr_temp_8aff64f1/@fortawesome_free-brands-svg-icons.js.map,.angular/cache/18.2.2/vite/deps_ssr_temp_8aff64f1/chunk-W2OVKRTT.js,.angular/cache/18.2.2/vite/deps_ssr_temp_8aff64f1/chunk-QZAEVUZF.js,.angular/cache/18.2.2/vite/deps_ssr_temp_8aff64f1/@fortawesome_free-regular-svg-icons.js.map,.angular/cache/18.2.2/vite/deps_ssr_temp_8aff64f1/chunk-ZWHSJOYW.js,.angular/cache/18.2.2/vite/deps_ssr_temp_8aff64f1/@tanstack_angular-query-experimental.js,.angular/cache/18.2.2/vite/deps_ssr_temp_8aff64f1/@ng-web-apis_universal.js,.angular/cache/18.2.2/vite/deps_ssr_temp_8aff64f1/ngxtension_control-error.js,.angular/cache/18.2.2/vite/deps_ssr_temp_8aff64f1/ngx-stripe.js.map,.angular/cache/18.2.2/vite/deps_ssr_temp_8aff64f1/chunk-NQ4HTGF6.js,.angular/cache/18.2.2/vite/deps_ssr_temp_8aff64f1/chunk-NQ4HTGF6.js.map,.angular/cache/18.2.2/vite/deps_ssr_temp_8aff64f1/@angular_router.js,.angular/cache/18.2.2/vite/deps_ssr_temp_8aff64f1/@angular_forms.js.map,.angular/cache/18.2.2/vite/deps_ssr_temp_8aff64f1/chunk-W2OVKRTT.js.map,.angular/cache/18.2.2/vite/deps_ssr_temp_8aff64f1/@angular_platform-server.js.map,.angular/cache/18.2.2/vite/deps_ssr_temp_8aff64f1/ngx-stripe.js,.angular/cache/18.2.2/vite/deps_ssr_temp_8aff64f1,.angular/cache/18.2.2/vite/deps_ssr_temp_8aff64f1/rxjs.js.map,.angular/cache/18.2.2/vite/deps_ssr_temp_8aff64f1/angular-auth-oidc-client.js.map,.angular/cache/18.2.2/vite/deps_ssr_temp_8aff64f1/ngxtension_control-error.js.map,.angular/cache/18.2.2/vite/deps_ssr_temp_8aff64f1/ngxtension_inject-params.js,.angular/cache/18.2.2/vite/deps_ssr_temp_8aff64f1/ngxtension_click-outside.js.map,.angular/cache/18.2.2/vite/deps_ssr_temp_8aff64f1/chunk-YYUEM3RU.js,.angular/cache/18.2.2/vite/deps_ssr_temp_8aff64f1/@angular_router.js.map,.angular/cache/18.2.2/vite/deps_ssr_temp_8aff64f1/chunk-W7OK22Z3.js,.angular/cache/18.2.2/vite/deps_ssr_temp_8aff64f1/chunk-ZYJEVPVL.js,.angular/cache/18.2.2/vite/deps_ssr_temp_8aff64f1/_metadata.json
[NX Daemon Server] - 2025-04-28T14:52:39.282Z - Time taken for 'hash changed files from watcher' 4.194749999999658ms
[NX Daemon Server] - 2025-04-28T14:52:39.322Z - Time taken for 'build-project-configs' 35.839500000000044ms
[NX Daemon Server] - 2025-04-28T14:52:39.329Z - Time taken for '@nxrocks/nx-spring-boot:createDependencies' 9.274083000000246ms
[NX Daemon Server] - 2025-04-28T14:52:39.350Z - [SYNC]: collect registered sync generators
[NX Daemon Server] - 2025-04-28T14:52:39.351Z - [SYNC]: project graph hash is the same, not collecting task sync generators
[NX Daemon Server] - 2025-04-28T14:52:39.351Z - [SYNC]: nx.json hash is the same, not collecting global sync generators
[NX Daemon Server] - 2025-04-28T14:52:39.351Z - [SYNC]: scheduling: []
[NX Daemon Server] - 2025-04-28T14:52:39.351Z - Time taken for 'total execution time for createProjectGraph()' 28.171707999999853ms
[NX Daemon Server] - 2025-04-28T14:53:40.966Z - [WATCHER]: Processing file changes in outputs
[NX Daemon Server] - 2025-04-28T14:53:43.112Z - [WATCHER]: Processing file changes in outputs
[NX Daemon Server] - 2025-04-28T14:55:49.029Z - [WATCHER]: apps/ecom-backend was deleted
[NX Daemon Server] - 2025-04-28T14:55:49.034Z - [WATCHER]: Processing file changes in outputs
[NX Daemon Server] - 2025-04-28T14:55:49.240Z - [REQUEST]: Updated workspace context based on watched changes, recomputing project graph...
[NX Daemon Server] - 2025-04-28T14:55:49.240Z - [REQUEST]: 
[NX Daemon Server] - 2025-04-28T14:55:49.240Z - [REQUEST]: apps/ecom-backend
[NX Daemon Server] - 2025-04-28T14:55:49.254Z - Time taken for 'hash changed files from watcher' 2.284542000008514ms
[NX Daemon Server] - 2025-04-28T14:55:49.295Z - Time taken for 'build-project-configs' 38.10908399999607ms
[NX Daemon Server] - 2025-04-28T14:55:49.316Z - Time taken for '@nxrocks/nx-spring-boot:createDependencies' 25.825125000003027ms
[NX Daemon Server] - 2025-04-28T14:55:49.357Z - [SYNC]: collect registered sync generators
[NX Daemon Server] - 2025-04-28T14:55:49.357Z - [SYNC]: nx.json hash is the same, not collecting global sync generators
[NX Daemon Server] - 2025-04-28T14:55:49.357Z - [SYNC]: scheduling: []
[NX Daemon Server] - 2025-04-28T14:55:49.357Z - Time taken for 'total execution time for createProjectGraph()' 63.86737500000163ms
[NX Daemon Server] - 2025-04-28T14:56:46.232Z - [WATCHER]: apps/ecom-frontend/src/app/app.component.html was modified
[NX Daemon Server] - 2025-04-28T14:56:46.235Z - [WATCHER]: Processing file changes in outputs
[NX Daemon Server] - 2025-04-28T14:56:46.639Z - [REQUEST]: Updated workspace context based on watched changes, recomputing project graph...
[NX Daemon Server] - 2025-04-28T14:56:46.639Z - [REQUEST]: apps/ecom-frontend/src/app/app.component.html
[NX Daemon Server] - 2025-04-28T14:56:46.639Z - [REQUEST]: 
[NX Daemon Server] - 2025-04-28T14:56:46.647Z - Time taken for 'hash changed files from watcher' 1.9650839999958407ms
[NX Daemon Server] - 2025-04-28T14:56:46.681Z - Time taken for 'build-project-configs' 29.6162089999998ms
[NX Daemon Server] - 2025-04-28T14:56:46.688Z - Time taken for '@nxrocks/nx-spring-boot:createDependencies' 10.896082999999635ms
[NX Daemon Server] - 2025-04-28T14:56:46.725Z - [SYNC]: collect registered sync generators
[NX Daemon Server] - 2025-04-28T14:56:46.726Z - [SYNC]: project graph hash is the same, not collecting task sync generators
[NX Daemon Server] - 2025-04-28T14:56:46.726Z - [SYNC]: nx.json hash is the same, not collecting global sync generators
[NX Daemon Server] - 2025-04-28T14:56:46.726Z - [SYNC]: scheduling: []
[NX Daemon Server] - 2025-04-28T14:56:46.726Z - Time taken for 'total execution time for createProjectGraph()' 41.35208300000522ms
[NX Daemon Server] - 2025-04-28T14:56:47.327Z - [WATCHER]: .angular/cache/18.2.2/ecom-frontend/.tsbuildinfo was modified
[NX Daemon Server] - 2025-04-28T14:56:47.327Z - [WATCHER]: Processing file changes in outputs
[NX Daemon Server] - 2025-04-28T14:56:48.131Z - [REQUEST]: Updated workspace context based on watched changes, recomputing project graph...
[NX Daemon Server] - 2025-04-28T14:56:48.131Z - [REQUEST]: .angular/cache/18.2.2/ecom-frontend/.tsbuildinfo
[NX Daemon Server] - 2025-04-28T14:56:48.131Z - [REQUEST]: 
[NX Daemon Server] - 2025-04-28T14:56:48.137Z - Time taken for 'hash changed files from watcher' 0.8687499999941792ms
[NX Daemon Server] - 2025-04-28T14:56:48.165Z - Time taken for 'build-project-configs' 23.782124999997905ms
[NX Daemon Server] - 2025-04-28T14:56:48.169Z - Time taken for '@nxrocks/nx-spring-boot:createDependencies' 8.866917000006652ms
[NX Daemon Server] - 2025-04-28T14:56:48.190Z - [SYNC]: collect registered sync generators
[NX Daemon Server] - 2025-04-28T14:56:48.190Z - [SYNC]: project graph hash is the same, not collecting task sync generators
[NX Daemon Server] - 2025-04-28T14:56:48.190Z - [SYNC]: nx.json hash is the same, not collecting global sync generators
[NX Daemon Server] - 2025-04-28T14:56:48.190Z - [SYNC]: scheduling: []
[NX Daemon Server] - 2025-04-28T14:56:48.191Z - Time taken for 'total execution time for createProjectGraph()' 26.162791000009747ms
[NX Daemon Server] - 2025-04-28T14:57:10.609Z - [WATCHER]: apps/ecom-frontend/src/app/app.component.spec.ts was modified
[NX Daemon Server] - 2025-04-28T14:57:10.610Z - [WATCHER]: Processing file changes in outputs
[NX Daemon Server] - 2025-04-28T14:57:12.213Z - [REQUEST]: Updated workspace context based on watched changes, recomputing project graph...
[NX Daemon Server] - 2025-04-28T14:57:12.213Z - [REQUEST]: apps/ecom-frontend/src/app/app.component.spec.ts
[NX Daemon Server] - 2025-04-28T14:57:12.214Z - [REQUEST]: 
[NX Daemon Server] - 2025-04-28T14:57:12.223Z - Time taken for 'hash changed files from watcher' 0.6809580000117421ms
[NX Daemon Server] - 2025-04-28T14:57:12.247Z - Time taken for 'build-project-configs' 23.380042000033427ms
[NX Daemon Server] - 2025-04-28T14:57:12.257Z - Time taken for '@nxrocks/nx-spring-boot:createDependencies' 15.441292000003159ms
[NX Daemon Server] - 2025-04-28T14:57:12.289Z - [SYNC]: collect registered sync generators
[NX Daemon Server] - 2025-04-28T14:57:12.289Z - [SYNC]: project graph hash is the same, not collecting task sync generators
[NX Daemon Server] - 2025-04-28T14:57:12.289Z - [SYNC]: nx.json hash is the same, not collecting global sync generators
[NX Daemon Server] - 2025-04-28T14:57:12.289Z - [SYNC]: scheduling: []
[NX Daemon Server] - 2025-04-28T14:57:12.289Z - Time taken for 'total execution time for createProjectGraph()' 42.86333399999421ms
[NX Daemon Server] - 2025-04-28T14:58:48.300Z - [WATCHER]: 0 file(s) created or restored, 0 file(s) modified, 2 file(s) deleted
[NX Daemon Server] - 2025-04-28T14:58:48.303Z - [WATCHER]: Processing file changes in outputs
[NX Daemon Server] - 2025-04-28T14:58:51.510Z - [REQUEST]: Updated workspace context based on watched changes, recomputing project graph...
[NX Daemon Server] - 2025-04-28T14:58:51.510Z - [REQUEST]: 
[NX Daemon Server] - 2025-04-28T14:58:51.510Z - [REQUEST]: .angular/cache/18.2.2/vite/deps_temp_688ae36d/_metadata.json,.angular/cache/18.2.2/vite/deps_temp_688ae36d
[NX Daemon Server] - 2025-04-28T14:58:51.520Z - Time taken for 'hash changed files from watcher' 2.423207999963779ms
[NX Daemon Server] - 2025-04-28T14:58:51.567Z - Time taken for 'build-project-configs' 41.88254199997755ms
[NX Daemon Server] - 2025-04-28T14:58:51.576Z - Time taken for '@nxrocks/nx-spring-boot:createDependencies' 12.655583999992814ms
[NX Daemon Server] - 2025-04-28T14:58:51.594Z - [SYNC]: collect registered sync generators
[NX Daemon Server] - 2025-04-28T14:58:51.594Z - [SYNC]: project graph hash is the same, not collecting task sync generators
[NX Daemon Server] - 2025-04-28T14:58:51.595Z - [SYNC]: nx.json hash is the same, not collecting global sync generators
[NX Daemon Server] - 2025-04-28T14:58:51.595Z - [SYNC]: scheduling: []
[NX Daemon Server] - 2025-04-28T14:58:51.595Z - Time taken for 'total execution time for createProjectGraph()' 25.484333999978844ms
[NX Daemon Server] - 2025-04-28T15:01:22.295Z - [WATCHER]: apps/ecom-frontend/src/app/layout/navbar/navbar.component.html was modified
[NX Daemon Server] - 2025-04-28T15:01:22.298Z - [WATCHER]: Processing file changes in outputs
[NX Daemon Server] - 2025-04-28T15:01:22.781Z - [WATCHER]: .angular/cache/18.2.2/ecom-frontend/.tsbuildinfo was modified
[NX Daemon Server] - 2025-04-28T15:01:22.781Z - [WATCHER]: Processing file changes in outputs
[NX Daemon Server] - 2025-04-28T15:01:28.706Z - [REQUEST]: Updated workspace context based on watched changes, recomputing project graph...
[NX Daemon Server] - 2025-04-28T15:01:28.706Z - [REQUEST]: apps/ecom-frontend/src/app/layout/navbar/navbar.component.html,.angular/cache/18.2.2/ecom-frontend/.tsbuildinfo
[NX Daemon Server] - 2025-04-28T15:01:28.706Z - [REQUEST]: 
[NX Daemon Server] - 2025-04-28T15:01:28.713Z - Time taken for 'hash changed files from watcher' 3.6272500000195578ms
[NX Daemon Server] - 2025-04-28T15:01:28.749Z - Time taken for 'build-project-configs' 32.49054100003559ms
[NX Daemon Server] - 2025-04-28T15:01:28.759Z - Time taken for '@nxrocks/nx-spring-boot:createDependencies' 13.326374999945983ms
[NX Daemon Server] - 2025-04-28T15:01:28.792Z - [SYNC]: collect registered sync generators
[NX Daemon Server] - 2025-04-28T15:01:28.793Z - [SYNC]: project graph hash is the same, not collecting task sync generators
[NX Daemon Server] - 2025-04-28T15:01:28.793Z - [SYNC]: nx.json hash is the same, not collecting global sync generators
[NX Daemon Server] - 2025-04-28T15:01:28.793Z - [SYNC]: scheduling: []
[NX Daemon Server] - 2025-04-28T15:01:28.793Z - Time taken for 'total execution time for createProjectGraph()' 39.50854099995922ms
[NX Daemon Server] - 2025-04-28T15:01:40.354Z - Closed a connection. Number of open connections: 1
[NX Daemon Server] - 2025-04-28T15:01:40.504Z - Closed a connection. Number of open connections: 0
[NX Daemon Server] - 2025-04-28T15:01:42.328Z - Established a connection. Number of open connections: 1
[NX Daemon Server] - 2025-04-28T15:01:42.328Z - Established a connection. Number of open connections: 2
[NX Daemon Server] - 2025-04-28T15:01:42.328Z - Closed a connection. Number of open connections: 1
[NX Daemon Server] - 2025-04-28T15:01:42.330Z - [REQUEST]: Client Request for Project Graph Received
[NX Daemon Server] - 2025-04-28T15:01:42.330Z - [REQUEST]: Responding to the client. project-graph
[NX Daemon Server] - 2025-04-28T15:01:42.332Z - Time taken for 'total for creating and serializing project graph' 0.24575000000186265ms
[NX Daemon Server] - 2025-04-28T15:01:42.333Z - Done responding to the client project-graph
[NX Daemon Server] - 2025-04-28T15:01:42.333Z - Handled REQUEST_PROJECT_GRAPH. Handling time: 0. Response time: 3.
[NX Daemon Server] - 2025-04-28T15:01:42.351Z - [REQUEST]: Responding to the client. handleHashTasks
[NX Daemon Server] - 2025-04-28T15:01:42.351Z - Done responding to the client handleHashTasks
[NX Daemon Server] - 2025-04-28T15:01:42.351Z - Handled HASH_TASKS. Handling time: 12. Response time: 0.
[NX Daemon Server] - 2025-04-28T15:01:42.671Z - Established a connection. Number of open connections: 2
[NX Daemon Server] - 2025-04-28T15:01:42.672Z - Closed a connection. Number of open connections: 1
[NX Daemon Server] - 2025-04-28T15:01:42.672Z - Established a connection. Number of open connections: 2
[NX Daemon Server] - 2025-04-28T15:01:42.673Z - [REQUEST]: Client Request for Project Graph Received
[NX Daemon Server] - 2025-04-28T15:01:42.673Z - [REQUEST]: Responding to the client. project-graph
[NX Daemon Server] - 2025-04-28T15:01:42.674Z - Time taken for 'total for creating and serializing project graph' 0.11258300009649247ms
[NX Daemon Server] - 2025-04-28T15:01:42.675Z - Done responding to the client project-graph
[NX Daemon Server] - 2025-04-28T15:01:42.675Z - Handled REQUEST_PROJECT_GRAPH. Handling time: 0. Response time: 2.
[NX Daemon Server] - 2025-04-28T15:01:45.078Z - [WATCHER]: .angular/cache/18.2.2/ecom-frontend/.tsbuildinfo was modified
[NX Daemon Server] - 2025-04-28T15:01:45.079Z - [WATCHER]: Processing file changes in outputs
[NX Daemon Server] - 2025-04-28T15:01:45.180Z - [REQUEST]: Updated workspace context based on watched changes, recomputing project graph...
[NX Daemon Server] - 2025-04-28T15:01:45.180Z - [REQUEST]: .angular/cache/18.2.2/ecom-frontend/.tsbuildinfo
[NX Daemon Server] - 2025-04-28T15:01:45.180Z - [REQUEST]: 
[NX Daemon Server] - 2025-04-28T15:01:45.182Z - Time taken for 'hash changed files from watcher' 0.19062500004656613ms
[NX Daemon Server] - 2025-04-28T15:01:45.206Z - Time taken for 'build-project-configs' 21.238417000044137ms
[NX Daemon Server] - 2025-04-28T15:01:45.217Z - Time taken for '@nxrocks/nx-spring-boot:createDependencies' 13.207290999940597ms
[NX Daemon Server] - 2025-04-28T15:01:45.230Z - [SYNC]: collect registered sync generators
[NX Daemon Server] - 2025-04-28T15:01:45.230Z - [SYNC]: project graph hash is the same, not collecting task sync generators
[NX Daemon Server] - 2025-04-28T15:01:45.231Z - [SYNC]: nx.json hash is the same, not collecting global sync generators
[NX Daemon Server] - 2025-04-28T15:01:45.231Z - [SYNC]: scheduling: []
[NX Daemon Server] - 2025-04-28T15:01:45.231Z - Time taken for 'total execution time for createProjectGraph()' 22.08154199994169ms
[NX Daemon Server] - 2025-04-28T15:03:07.256Z - [WATCHER]: apps/ecom-frontend/src/app/layout/navbar/navbar.component.html was modified
[NX Daemon Server] - 2025-04-28T15:03:07.259Z - [WATCHER]: Processing file changes in outputs
[NX Daemon Server] - 2025-04-28T15:03:07.462Z - [REQUEST]: Updated workspace context based on watched changes, recomputing project graph...
[NX Daemon Server] - 2025-04-28T15:03:07.462Z - [REQUEST]: apps/ecom-frontend/src/app/layout/navbar/navbar.component.html
[NX Daemon Server] - 2025-04-28T15:03:07.462Z - [REQUEST]: 
[NX Daemon Server] - 2025-04-28T15:03:07.465Z - Time taken for 'hash changed files from watcher' 0.25587500003166497ms
[NX Daemon Server] - 2025-04-28T15:03:07.500Z - Time taken for 'build-project-configs' 32.05762500001583ms
[NX Daemon Server] - 2025-04-28T15:03:07.510Z - Time taken for '@nxrocks/nx-spring-boot:createDependencies' 13.124666000017896ms
[NX Daemon Server] - 2025-04-28T15:03:07.547Z - [SYNC]: collect registered sync generators
[NX Daemon Server] - 2025-04-28T15:03:07.547Z - [SYNC]: project graph hash is the same, not collecting task sync generators
[NX Daemon Server] - 2025-04-28T15:03:07.547Z - [SYNC]: nx.json hash is the same, not collecting global sync generators
[NX Daemon Server] - 2025-04-28T15:03:07.547Z - [SYNC]: scheduling: []
[NX Daemon Server] - 2025-04-28T15:03:07.547Z - Time taken for 'total execution time for createProjectGraph()' 45.23129200004041ms
[NX Daemon Server] - 2025-04-28T15:03:08.029Z - [WATCHER]: .angular/cache/18.2.2/ecom-frontend/.tsbuildinfo was modified
[NX Daemon Server] - 2025-04-28T15:03:08.029Z - [WATCHER]: Processing file changes in outputs
[NX Daemon Server] - 2025-04-28T15:03:08.430Z - [REQUEST]: Updated workspace context based on watched changes, recomputing project graph...
[NX Daemon Server] - 2025-04-28T15:03:08.431Z - [REQUEST]: .angular/cache/18.2.2/ecom-frontend/.tsbuildinfo
[NX Daemon Server] - 2025-04-28T15:03:08.431Z - [REQUEST]: 
[NX Daemon Server] - 2025-04-28T15:03:08.433Z - Time taken for 'hash changed files from watcher' 0.3008750000735745ms
[NX Daemon Server] - 2025-04-28T15:03:08.458Z - Time taken for 'build-project-configs' 20.601499999989755ms
[NX Daemon Server] - 2025-04-28T15:03:08.462Z - Time taken for '@nxrocks/nx-spring-boot:createDependencies' 8.06574999995064ms
[NX Daemon Server] - 2025-04-28T15:03:08.482Z - [SYNC]: collect registered sync generators
[NX Daemon Server] - 2025-04-28T15:03:08.482Z - [SYNC]: project graph hash is the same, not collecting task sync generators
[NX Daemon Server] - 2025-04-28T15:03:08.482Z - [SYNC]: nx.json hash is the same, not collecting global sync generators
[NX Daemon Server] - 2025-04-28T15:03:08.482Z - [SYNC]: scheduling: []
[NX Daemon Server] - 2025-04-28T15:03:08.482Z - Time taken for 'total execution time for createProjectGraph()' 23.260249999933876ms
[NX Daemon Server] - 2025-04-28T15:05:42.460Z - [WATCHER]: apps/ecom-frontend/src/app/layout/footer/footer.component.html was modified
[NX Daemon Server] - 2025-04-28T15:05:42.462Z - [WATCHER]: Processing file changes in outputs
[NX Daemon Server] - 2025-04-28T15:05:43.049Z - [WATCHER]: .angular/cache/18.2.2/ecom-frontend/.tsbuildinfo was modified
[NX Daemon Server] - 2025-04-28T15:05:43.049Z - [WATCHER]: Processing file changes in outputs
[NX Daemon Server] - 2025-04-28T15:05:43.266Z - [REQUEST]: Updated workspace context based on watched changes, recomputing project graph...
[NX Daemon Server] - 2025-04-28T15:05:43.266Z - [REQUEST]: apps/ecom-frontend/src/app/layout/footer/footer.component.html,.angular/cache/18.2.2/ecom-frontend/.tsbuildinfo
[NX Daemon Server] - 2025-04-28T15:05:43.266Z - [REQUEST]: 
[NX Daemon Server] - 2025-04-28T15:05:43.274Z - Time taken for 'hash changed files from watcher' 2.851541999960318ms
[NX Daemon Server] - 2025-04-28T15:05:43.371Z - Time taken for 'build-project-configs' 81.87316700001247ms
[NX Daemon Server] - 2025-04-28T15:05:43.382Z - Time taken for '@nxrocks/nx-spring-boot:createDependencies' 22.224249999970198ms
[NX Daemon Server] - 2025-04-28T15:05:43.414Z - [SYNC]: collect registered sync generators
[NX Daemon Server] - 2025-04-28T15:05:43.414Z - [SYNC]: project graph hash is the same, not collecting task sync generators
[NX Daemon Server] - 2025-04-28T15:05:43.414Z - [SYNC]: nx.json hash is the same, not collecting global sync generators
[NX Daemon Server] - 2025-04-28T15:05:43.414Z - [SYNC]: scheduling: []
[NX Daemon Server] - 2025-04-28T15:05:43.414Z - Time taken for 'total execution time for createProjectGraph()' 53.2669590000296ms
[NX Daemon Server] - 2025-04-28T15:06:10.004Z - [WATCHER]: apps/ecom-frontend/src/app/layout/footer/footer.component.html was modified
[NX Daemon Server] - 2025-04-28T15:06:10.004Z - [WATCHER]: Processing file changes in outputs
[NX Daemon Server] - 2025-04-28T15:06:10.437Z - [WATCHER]: .angular/cache/18.2.2/ecom-frontend/.tsbuildinfo was modified
[NX Daemon Server] - 2025-04-28T15:06:10.438Z - [WATCHER]: Processing file changes in outputs
[NX Daemon Server] - 2025-04-28T15:06:11.608Z - [REQUEST]: Updated workspace context based on watched changes, recomputing project graph...
[NX Daemon Server] - 2025-04-28T15:06:11.609Z - [REQUEST]: apps/ecom-frontend/src/app/layout/footer/footer.component.html,.angular/cache/18.2.2/ecom-frontend/.tsbuildinfo
[NX Daemon Server] - 2025-04-28T15:06:11.609Z - [REQUEST]: 
[NX Daemon Server] - 2025-04-28T15:06:11.613Z - Time taken for 'hash changed files from watcher' 1.1188330000732094ms
[NX Daemon Server] - 2025-04-28T15:06:11.641Z - Time taken for 'build-project-configs' 23.63895799999591ms
[NX Daemon Server] - 2025-04-28T15:06:11.645Z - Time taken for '@nxrocks/nx-spring-boot:createDependencies' 8.805083999992348ms
[NX Daemon Server] - 2025-04-28T15:06:11.678Z - [SYNC]: collect registered sync generators
[NX Daemon Server] - 2025-04-28T15:06:11.678Z - [SYNC]: project graph hash is the same, not collecting task sync generators
[NX Daemon Server] - 2025-04-28T15:06:11.678Z - [SYNC]: nx.json hash is the same, not collecting global sync generators
[NX Daemon Server] - 2025-04-28T15:06:11.678Z - [SYNC]: scheduling: []
[NX Daemon Server] - 2025-04-28T15:06:11.678Z - Time taken for 'total execution time for createProjectGraph()' 36.01791699999012ms
[NX Daemon Server] - 2025-04-28T15:13:55.992Z - [WATCHER]: apps/ecom-frontend/src/app/layout/footer/footer.component.html was modified
[NX Daemon Server] - 2025-04-28T15:13:55.996Z - [WATCHER]: Processing file changes in outputs
[NX Daemon Server] - 2025-04-28T15:13:56.527Z - [WATCHER]: .angular/cache/18.2.2/ecom-frontend/.tsbuildinfo was modified
[NX Daemon Server] - 2025-04-28T15:13:56.527Z - [WATCHER]: Processing file changes in outputs
[NX Daemon Server] - 2025-04-28T15:13:59.205Z - [REQUEST]: Updated workspace context based on watched changes, recomputing project graph...
[NX Daemon Server] - 2025-04-28T15:13:59.205Z - [REQUEST]: apps/ecom-frontend/src/app/layout/footer/footer.component.html,.angular/cache/18.2.2/ecom-frontend/.tsbuildinfo
[NX Daemon Server] - 2025-04-28T15:13:59.205Z - [REQUEST]: 
[NX Daemon Server] - 2025-04-28T15:13:59.218Z - Time taken for 'hash changed files from watcher' 4.94420799985528ms
[NX Daemon Server] - 2025-04-28T15:13:59.245Z - Time taken for 'build-project-configs' 22.713332999963313ms
[NX Daemon Server] - 2025-04-28T15:13:59.250Z - Time taken for '@nxrocks/nx-spring-boot:createDependencies' 8.874125000089407ms
[NX Daemon Server] - 2025-04-28T15:13:59.273Z - [SYNC]: collect registered sync generators
[NX Daemon Server] - 2025-04-28T15:13:59.273Z - [SYNC]: project graph hash is the same, not collecting task sync generators
[NX Daemon Server] - 2025-04-28T15:13:59.273Z - [SYNC]: nx.json hash is the same, not collecting global sync generators
[NX Daemon Server] - 2025-04-28T15:13:59.273Z - [SYNC]: scheduling: []
[NX Daemon Server] - 2025-04-28T15:13:59.273Z - Time taken for 'total execution time for createProjectGraph()' 28.36174999992363ms
[NX Daemon Server] - 2025-04-28T15:19:08.472Z - [WATCHER]: apps/ecom-frontend/src/app/layout/footer/footer.component.html was modified
[NX Daemon Server] - 2025-04-28T15:19:08.476Z - [WATCHER]: Processing file changes in outputs
[NX Daemon Server] - 2025-04-28T15:19:08.968Z - [WATCHER]: Processing file changes in outputs
[NX Daemon Server] - 2025-04-28T15:19:08.972Z - [WATCHER]: .angular/cache/18.2.2/ecom-frontend/.tsbuildinfo was modified
[NX Daemon Server] - 2025-04-28T15:19:14.885Z - [REQUEST]: Updated workspace context based on watched changes, recomputing project graph...
[NX Daemon Server] - 2025-04-28T15:19:14.885Z - [REQUEST]: apps/ecom-frontend/src/app/layout/footer/footer.component.html,.angular/cache/18.2.2/ecom-frontend/.tsbuildinfo
[NX Daemon Server] - 2025-04-28T15:19:14.885Z - [REQUEST]: 
[NX Daemon Server] - 2025-04-28T15:19:14.892Z - Time taken for 'hash changed files from watcher' 3.7466669999994338ms
[NX Daemon Server] - 2025-04-28T15:19:14.924Z - Time taken for 'build-project-configs' 27.149959000060335ms
[NX Daemon Server] - 2025-04-28T15:19:14.934Z - Time taken for '@nxrocks/nx-spring-boot:createDependencies' 14.520415999926627ms
[NX Daemon Server] - 2025-04-28T15:19:14.978Z - [SYNC]: collect registered sync generators
[NX Daemon Server] - 2025-04-28T15:19:14.978Z - [SYNC]: project graph hash is the same, not collecting task sync generators
[NX Daemon Server] - 2025-04-28T15:19:14.978Z - [SYNC]: nx.json hash is the same, not collecting global sync generators
[NX Daemon Server] - 2025-04-28T15:19:14.978Z - [SYNC]: scheduling: []
[NX Daemon Server] - 2025-04-28T15:19:14.978Z - Time taken for 'total execution time for createProjectGraph()' 53.495249999919906ms
[NX Daemon Server] - 2025-04-28T15:19:20.106Z - [WATCHER]: apps/ecom-frontend/src/app/layout/footer/footer.component.html was modified
[NX Daemon Server] - 2025-04-28T15:19:20.106Z - [WATCHER]: Processing file changes in outputs
[NX Daemon Server] - 2025-04-28T15:19:20.543Z - [WATCHER]: .angular/cache/18.2.2/ecom-frontend/.tsbuildinfo was modified
[NX Daemon Server] - 2025-04-28T15:19:20.543Z - [WATCHER]: Processing file changes in outputs
[NX Daemon Server] - 2025-04-28T15:19:26.513Z - [REQUEST]: Updated workspace context based on watched changes, recomputing project graph...
[NX Daemon Server] - 2025-04-28T15:19:26.513Z - [REQUEST]: apps/ecom-frontend/src/app/layout/footer/footer.component.html,.angular/cache/18.2.2/ecom-frontend/.tsbuildinfo
[NX Daemon Server] - 2025-04-28T15:19:26.513Z - [REQUEST]: 
[NX Daemon Server] - 2025-04-28T15:19:26.519Z - Time taken for 'hash changed files from watcher' 1.4478750000707805ms
[NX Daemon Server] - 2025-04-28T15:19:26.558Z - Time taken for 'build-project-configs' 35.405416999943554ms
[NX Daemon Server] - 2025-04-28T15:19:26.570Z - Time taken for '@nxrocks/nx-spring-boot:createDependencies' 16.05450000008568ms
[NX Daemon Server] - 2025-04-28T15:19:26.594Z - [SYNC]: collect registered sync generators
[NX Daemon Server] - 2025-04-28T15:19:26.594Z - [SYNC]: project graph hash is the same, not collecting task sync generators
[NX Daemon Server] - 2025-04-28T15:19:26.595Z - [SYNC]: nx.json hash is the same, not collecting global sync generators
[NX Daemon Server] - 2025-04-28T15:19:26.595Z - [SYNC]: scheduling: []
[NX Daemon Server] - 2025-04-28T15:19:26.595Z - Time taken for 'total execution time for createProjectGraph()' 37.089124999940395ms
[NX Daemon Server] - 2025-04-28T15:19:36.516Z - [WATCHER]: apps/ecom-frontend/src/app/layout/footer/footer.component.html was modified
[NX Daemon Server] - 2025-04-28T15:19:36.516Z - [WATCHER]: Processing file changes in outputs
[NX Daemon Server] - 2025-04-28T15:19:36.951Z - [WATCHER]: .angular/cache/18.2.2/ecom-frontend/.tsbuildinfo was modified
[NX Daemon Server] - 2025-04-28T15:19:36.952Z - [WATCHER]: Processing file changes in outputs
[NX Daemon Server] - 2025-04-28T15:19:42.862Z - [WATCHER]: apps/ecom-frontend/src/app/layout/footer/footer.component.html was modified
[NX Daemon Server] - 2025-04-28T15:19:42.863Z - [WATCHER]: Processing file changes in outputs
[NX Daemon Server] - 2025-04-28T15:19:42.919Z - [REQUEST]: Updated workspace context based on watched changes, recomputing project graph...
[NX Daemon Server] - 2025-04-28T15:19:42.920Z - [REQUEST]: apps/ecom-frontend/src/app/layout/footer/footer.component.html,.angular/cache/18.2.2/ecom-frontend/.tsbuildinfo
[NX Daemon Server] - 2025-04-28T15:19:42.920Z - [REQUEST]: 
[NX Daemon Server] - 2025-04-28T15:19:42.921Z - Time taken for 'hash changed files from watcher' 1.0646669999696314ms
[NX Daemon Server] - 2025-04-28T15:19:42.943Z - Time taken for 'build-project-configs' 17.39516599988565ms
[NX Daemon Server] - 2025-04-28T15:19:42.949Z - Time taken for '@nxrocks/nx-spring-boot:createDependencies' 8.823791000060737ms
[NX Daemon Server] - 2025-04-28T15:19:42.974Z - [SYNC]: collect registered sync generators
[NX Daemon Server] - 2025-04-28T15:19:42.974Z - [SYNC]: project graph hash is the same, not collecting task sync generators
[NX Daemon Server] - 2025-04-28T15:19:42.974Z - [SYNC]: nx.json hash is the same, not collecting global sync generators
[NX Daemon Server] - 2025-04-28T15:19:42.974Z - [SYNC]: scheduling: []
[NX Daemon Server] - 2025-04-28T15:19:42.974Z - Time taken for 'total execution time for createProjectGraph()' 31.552167000016198ms
[NX Daemon Server] - 2025-04-28T15:19:43.332Z - [WATCHER]: .angular/cache/18.2.2/ecom-frontend/.tsbuildinfo was modified
[NX Daemon Server] - 2025-04-28T15:19:43.332Z - [WATCHER]: Processing file changes in outputs
[NX Daemon Server] - 2025-04-28T15:19:49.737Z - [REQUEST]: Updated workspace context based on watched changes, recomputing project graph...
[NX Daemon Server] - 2025-04-28T15:19:49.737Z - [REQUEST]: .angular/cache/18.2.2/ecom-frontend/.tsbuildinfo
[NX Daemon Server] - 2025-04-28T15:19:49.737Z - [REQUEST]: 
[NX Daemon Server] - 2025-04-28T15:19:49.740Z - Time taken for 'hash changed files from watcher' 2.5261250000912696ms
[NX Daemon Server] - 2025-04-28T15:19:49.774Z - Time taken for 'build-project-configs' 27.081083999946713ms
[NX Daemon Server] - 2025-04-28T15:19:49.778Z - Time taken for '@nxrocks/nx-spring-boot:createDependencies' 9.1183749998454ms
[NX Daemon Server] - 2025-04-28T15:19:49.801Z - [SYNC]: collect registered sync generators
[NX Daemon Server] - 2025-04-28T15:19:49.801Z - [SYNC]: project graph hash is the same, not collecting task sync generators
[NX Daemon Server] - 2025-04-28T15:19:49.802Z - [SYNC]: nx.json hash is the same, not collecting global sync generators
[NX Daemon Server] - 2025-04-28T15:19:49.802Z - [SYNC]: scheduling: []
[NX Daemon Server] - 2025-04-28T15:19:49.802Z - Time taken for 'total execution time for createProjectGraph()' 28.597540999995545ms
[NX Daemon Server] - 2025-04-28T15:19:53.231Z - [WATCHER]: apps/ecom-frontend/src/app/layout/footer/footer.component.html was modified
[NX Daemon Server] - 2025-04-28T15:19:53.232Z - [WATCHER]: Processing file changes in outputs
[NX Daemon Server] - 2025-04-28T15:19:53.683Z - [WATCHER]: .angular/cache/18.2.2/ecom-frontend/.tsbuildinfo was modified
[NX Daemon Server] - 2025-04-28T15:19:53.684Z - [WATCHER]: Processing file changes in outputs
[NX Daemon Server] - 2025-04-28T15:19:59.635Z - [REQUEST]: Updated workspace context based on watched changes, recomputing project graph...
[NX Daemon Server] - 2025-04-28T15:19:59.636Z - [REQUEST]: apps/ecom-frontend/src/app/layout/footer/footer.component.html,.angular/cache/18.2.2/ecom-frontend/.tsbuildinfo
[NX Daemon Server] - 2025-04-28T15:19:59.636Z - [REQUEST]: 
[NX Daemon Server] - 2025-04-28T15:19:59.639Z - Time taken for 'hash changed files from watcher' 1.6169579999987036ms
[NX Daemon Server] - 2025-04-28T15:19:59.673Z - Time taken for 'build-project-configs' 30.23979099979624ms
[NX Daemon Server] - 2025-04-28T15:19:59.677Z - Time taken for '@nxrocks/nx-spring-boot:createDependencies' 7.9887920001056045ms
[NX Daemon Server] - 2025-04-28T15:19:59.701Z - [SYNC]: collect registered sync generators
[NX Daemon Server] - 2025-04-28T15:19:59.701Z - [SYNC]: project graph hash is the same, not collecting task sync generators
[NX Daemon Server] - 2025-04-28T15:19:59.701Z - [SYNC]: nx.json hash is the same, not collecting global sync generators
[NX Daemon Server] - 2025-04-28T15:19:59.701Z - [SYNC]: scheduling: []
[NX Daemon Server] - 2025-04-28T15:19:59.701Z - Time taken for 'total execution time for createProjectGraph()' 28.03804099978879ms
[NX Daemon Server] - 2025-04-28T15:20:02.441Z - [WATCHER]: apps/ecom-frontend/src/app/layout/footer/footer.component.html was modified
[NX Daemon Server] - 2025-04-28T15:20:02.442Z - [WATCHER]: Processing file changes in outputs
[NX Daemon Server] - 2025-04-28T15:20:08.842Z - [REQUEST]: Updated workspace context based on watched changes, recomputing project graph...
[NX Daemon Server] - 2025-04-28T15:20:08.842Z - [REQUEST]: apps/ecom-frontend/src/app/layout/footer/footer.component.html
[NX Daemon Server] - 2025-04-28T15:20:08.842Z - [REQUEST]: 
[NX Daemon Server] - 2025-04-28T15:20:08.843Z - Time taken for 'hash changed files from watcher' 0.19845800008624792ms
[NX Daemon Server] - 2025-04-28T15:20:08.861Z - Time taken for 'build-project-configs' 13.916708000004292ms
[NX Daemon Server] - 2025-04-28T15:20:08.867Z - Time taken for '@nxrocks/nx-spring-boot:createDependencies' 8.825083000119776ms
[NX Daemon Server] - 2025-04-28T15:20:08.891Z - [SYNC]: collect registered sync generators
[NX Daemon Server] - 2025-04-28T15:20:08.891Z - [SYNC]: project graph hash is the same, not collecting task sync generators
[NX Daemon Server] - 2025-04-28T15:20:08.891Z - [SYNC]: nx.json hash is the same, not collecting global sync generators
[NX Daemon Server] - 2025-04-28T15:20:08.891Z - [SYNC]: scheduling: []
[NX Daemon Server] - 2025-04-28T15:20:08.892Z - Time taken for 'total execution time for createProjectGraph()' 28.48700000019744ms
[NX Daemon Server] - 2025-04-28T15:20:17.673Z - [WATCHER]: apps/ecom-frontend/src/app/layout/footer/footer.component.html was modified
[NX Daemon Server] - 2025-04-28T15:20:17.674Z - [WATCHER]: Processing file changes in outputs
[NX Daemon Server] - 2025-04-28T15:20:18.054Z - [WATCHER]: .angular/cache/18.2.2/ecom-frontend/.tsbuildinfo was modified
[NX Daemon Server] - 2025-04-28T15:20:18.054Z - [WATCHER]: Processing file changes in outputs
[NX Daemon Server] - 2025-04-28T15:20:24.082Z - [REQUEST]: Updated workspace context based on watched changes, recomputing project graph...
[NX Daemon Server] - 2025-04-28T15:20:24.083Z - [REQUEST]: apps/ecom-frontend/src/app/layout/footer/footer.component.html,.angular/cache/18.2.2/ecom-frontend/.tsbuildinfo
[NX Daemon Server] - 2025-04-28T15:20:24.083Z - [REQUEST]: 
[NX Daemon Server] - 2025-04-28T15:20:24.086Z - Time taken for 'hash changed files from watcher' 1.4146670000627637ms
[NX Daemon Server] - 2025-04-28T15:20:24.108Z - Time taken for 'build-project-configs' 18.60525000002235ms
[NX Daemon Server] - 2025-04-28T15:20:24.114Z - Time taken for '@nxrocks/nx-spring-boot:createDependencies' 9.160083000082523ms
[NX Daemon Server] - 2025-04-28T15:20:24.142Z - [SYNC]: collect registered sync generators
[NX Daemon Server] - 2025-04-28T15:20:24.142Z - [SYNC]: project graph hash is the same, not collecting task sync generators
[NX Daemon Server] - 2025-04-28T15:20:24.143Z - [SYNC]: nx.json hash is the same, not collecting global sync generators
[NX Daemon Server] - 2025-04-28T15:20:24.143Z - [SYNC]: scheduling: []
[NX Daemon Server] - 2025-04-28T15:20:24.143Z - Time taken for 'total execution time for createProjectGraph()' 32.4564169999212ms
[NX Daemon Server] - 2025-04-28T15:22:09.295Z - [WATCHER]: apps/ecom-frontend/src/app/layout/footer/footer.component.html was modified
[NX Daemon Server] - 2025-04-28T15:22:09.296Z - [WATCHER]: Processing file changes in outputs
[NX Daemon Server] - 2025-04-28T15:22:09.819Z - [WATCHER]: .angular/cache/18.2.2/ecom-frontend/.tsbuildinfo was modified
[NX Daemon Server] - 2025-04-28T15:22:09.820Z - [WATCHER]: Processing file changes in outputs
[NX Daemon Server] - 2025-04-28T15:22:13.354Z - [WATCHER]: apps/ecom-frontend/src/app/layout/footer/footer.component.html was modified
[NX Daemon Server] - 2025-04-28T15:22:13.355Z - [WATCHER]: Processing file changes in outputs
[NX Daemon Server] - 2025-04-28T15:22:13.767Z - [WATCHER]: .angular/cache/18.2.2/ecom-frontend/.tsbuildinfo was modified
[NX Daemon Server] - 2025-04-28T15:22:13.767Z - [WATCHER]: Processing file changes in outputs
[NX Daemon Server] - 2025-04-28T15:22:15.699Z - [REQUEST]: Updated workspace context based on watched changes, recomputing project graph...
[NX Daemon Server] - 2025-04-28T15:22:15.700Z - [REQUEST]: apps/ecom-frontend/src/app/layout/footer/footer.component.html,.angular/cache/18.2.2/ecom-frontend/.tsbuildinfo
[NX Daemon Server] - 2025-04-28T15:22:15.700Z - [REQUEST]: 
[NX Daemon Server] - 2025-04-28T15:22:15.703Z - Time taken for 'hash changed files from watcher' 0.803542000008747ms
[NX Daemon Server] - 2025-04-28T15:22:15.737Z - Time taken for 'build-project-configs' 29.132500000065193ms
[NX Daemon Server] - 2025-04-28T15:22:15.743Z - Time taken for '@nxrocks/nx-spring-boot:createDependencies' 9.880624999990687ms
[NX Daemon Server] - 2025-04-28T15:22:15.768Z - [SYNC]: collect registered sync generators
[NX Daemon Server] - 2025-04-28T15:22:15.768Z - [SYNC]: project graph hash is the same, not collecting task sync generators
[NX Daemon Server] - 2025-04-28T15:22:15.768Z - [SYNC]: nx.json hash is the same, not collecting global sync generators
[NX Daemon Server] - 2025-04-28T15:22:15.768Z - [SYNC]: scheduling: []
[NX Daemon Server] - 2025-04-28T15:22:15.768Z - Time taken for 'total execution time for createProjectGraph()' 31.01029200013727ms
[NX Daemon Server] - 2025-04-28T15:22:34.322Z - [WATCHER]: apps/ecom-frontend/src/app/layout/footer/footer.component.html was modified
[NX Daemon Server] - 2025-04-28T15:22:34.323Z - [WATCHER]: Processing file changes in outputs
[NX Daemon Server] - 2025-04-28T15:22:34.800Z - [WATCHER]: .angular/cache/18.2.2/ecom-frontend/.tsbuildinfo was modified
[NX Daemon Server] - 2025-04-28T15:22:34.800Z - [WATCHER]: Processing file changes in outputs
[NX Daemon Server] - 2025-04-28T15:22:40.728Z - [REQUEST]: Updated workspace context based on watched changes, recomputing project graph...
[NX Daemon Server] - 2025-04-28T15:22:40.729Z - [REQUEST]: apps/ecom-frontend/src/app/layout/footer/footer.component.html,.angular/cache/18.2.2/ecom-frontend/.tsbuildinfo
[NX Daemon Server] - 2025-04-28T15:22:40.729Z - [REQUEST]: 
[NX Daemon Server] - 2025-04-28T15:22:40.733Z - Time taken for 'hash changed files from watcher' 1.383208000101149ms
[NX Daemon Server] - 2025-04-28T15:22:40.759Z - Time taken for 'build-project-configs' 22.318332999944687ms
[NX Daemon Server] - 2025-04-28T15:22:40.765Z - Time taken for '@nxrocks/nx-spring-boot:createDependencies' 10.36324999993667ms
[NX Daemon Server] - 2025-04-28T15:22:40.795Z - [SYNC]: collect registered sync generators
[NX Daemon Server] - 2025-04-28T15:22:40.795Z - [SYNC]: project graph hash is the same, not collecting task sync generators
[NX Daemon Server] - 2025-04-28T15:22:40.795Z - [SYNC]: nx.json hash is the same, not collecting global sync generators
[NX Daemon Server] - 2025-04-28T15:22:40.795Z - [SYNC]: scheduling: []
[NX Daemon Server] - 2025-04-28T15:22:40.795Z - Time taken for 'total execution time for createProjectGraph()' 35.8470419999212ms
[NX Daemon Server] - 2025-04-28T15:26:43.489Z - [WATCHER]: apps/ecom-frontend/src/app/layout/footer/footer.component.html was modified
[NX Daemon Server] - 2025-04-28T15:26:43.497Z - [WATCHER]: Processing file changes in outputs
[NX Daemon Server] - 2025-04-28T15:26:43.915Z - [WATCHER]: .angular/cache/18.2.2/ecom-frontend/.tsbuildinfo was modified
[NX Daemon Server] - 2025-04-28T15:26:43.916Z - [WATCHER]: Processing file changes in outputs
[NX Daemon Server] - 2025-04-28T15:26:49.905Z - [REQUEST]: Updated workspace context based on watched changes, recomputing project graph...
[NX Daemon Server] - 2025-04-28T15:26:49.906Z - [REQUEST]: apps/ecom-frontend/src/app/layout/footer/footer.component.html,.angular/cache/18.2.2/ecom-frontend/.tsbuildinfo
[NX Daemon Server] - 2025-04-28T15:26:49.906Z - [REQUEST]: 
[NX Daemon Server] - 2025-04-28T15:26:49.912Z - Time taken for 'hash changed files from watcher' 3.7179169999435544ms
[NX Daemon Server] - 2025-04-28T15:26:49.938Z - Time taken for 'build-project-configs' 20.11083299992606ms
[NX Daemon Server] - 2025-04-28T15:26:49.944Z - Time taken for '@nxrocks/nx-spring-boot:createDependencies' 8.468083000043407ms
[NX Daemon Server] - 2025-04-28T15:26:49.969Z - [SYNC]: collect registered sync generators
[NX Daemon Server] - 2025-04-28T15:26:49.969Z - [SYNC]: project graph hash is the same, not collecting task sync generators
[NX Daemon Server] - 2025-04-28T15:26:49.970Z - [SYNC]: nx.json hash is the same, not collecting global sync generators
[NX Daemon Server] - 2025-04-28T15:26:49.970Z - [SYNC]: scheduling: []
[NX Daemon Server] - 2025-04-28T15:26:49.970Z - Time taken for 'total execution time for createProjectGraph()' 29.926332999952137ms
[NX Daemon Server] - 2025-04-28T15:26:52.106Z - [WATCHER]: apps/ecom-frontend/src/app/layout/footer/footer.component.html was modified
[NX Daemon Server] - 2025-04-28T15:26:52.106Z - [WATCHER]: Processing file changes in outputs
[NX Daemon Server] - 2025-04-28T15:26:52.548Z - [WATCHER]: .angular/cache/18.2.2/ecom-frontend/.tsbuildinfo was modified
[NX Daemon Server] - 2025-04-28T15:26:52.548Z - [WATCHER]: Processing file changes in outputs
[NX Daemon Server] - 2025-04-28T15:26:56.834Z - [WATCHER]: apps/ecom-frontend/src/app/layout/footer/footer.component.html was modified
[NX Daemon Server] - 2025-04-28T15:26:56.835Z - [WATCHER]: Processing file changes in outputs
[NX Daemon Server] - 2025-04-28T15:26:57.232Z - [WATCHER]: .angular/cache/18.2.2/ecom-frontend/.tsbuildinfo was modified
[NX Daemon Server] - 2025-04-28T15:26:57.232Z - [WATCHER]: Processing file changes in outputs
[NX Daemon Server] - 2025-04-28T15:26:58.510Z - [REQUEST]: Updated workspace context based on watched changes, recomputing project graph...
[NX Daemon Server] - 2025-04-28T15:26:58.510Z - [REQUEST]: apps/ecom-frontend/src/app/layout/footer/footer.component.html,.angular/cache/18.2.2/ecom-frontend/.tsbuildinfo
[NX Daemon Server] - 2025-04-28T15:26:58.510Z - [REQUEST]: 
[NX Daemon Server] - 2025-04-28T15:26:58.513Z - Time taken for 'hash changed files from watcher' 0.9201249999459833ms
[NX Daemon Server] - 2025-04-28T15:26:58.554Z - Time taken for 'build-project-configs' 35.124708000104874ms
[NX Daemon Server] - 2025-04-28T15:26:58.560Z - Time taken for '@nxrocks/nx-spring-boot:createDependencies' 10.479416999965906ms
[NX Daemon Server] - 2025-04-28T15:26:58.586Z - [SYNC]: collect registered sync generators
[NX Daemon Server] - 2025-04-28T15:26:58.586Z - [SYNC]: project graph hash is the same, not collecting task sync generators
[NX Daemon Server] - 2025-04-28T15:26:58.586Z - [SYNC]: nx.json hash is the same, not collecting global sync generators
[NX Daemon Server] - 2025-04-28T15:26:58.586Z - [SYNC]: scheduling: []
[NX Daemon Server] - 2025-04-28T15:26:58.586Z - Time taken for 'total execution time for createProjectGraph()' 31.986750000156462ms
[NX Daemon Server] - 2025-04-28T15:27:46.015Z - [WATCHER]: apps/ecom-frontend/src/app/layout/footer/footer.component.html was modified
[NX Daemon Server] - 2025-04-28T15:27:46.016Z - [WATCHER]: Processing file changes in outputs
[NX Daemon Server] - 2025-04-28T15:27:46.440Z - [WATCHER]: .angular/cache/18.2.2/ecom-frontend/.tsbuildinfo was modified
[NX Daemon Server] - 2025-04-28T15:27:46.440Z - [WATCHER]: Processing file changes in outputs
[NX Daemon Server] - 2025-04-28T15:27:52.421Z - [REQUEST]: Updated workspace context based on watched changes, recomputing project graph...
[NX Daemon Server] - 2025-04-28T15:27:52.421Z - [REQUEST]: apps/ecom-frontend/src/app/layout/footer/footer.component.html,.angular/cache/18.2.2/ecom-frontend/.tsbuildinfo
[NX Daemon Server] - 2025-04-28T15:27:52.421Z - [REQUEST]: 
[NX Daemon Server] - 2025-04-28T15:27:52.425Z - Time taken for 'hash changed files from watcher' 1.3287089997902513ms
[NX Daemon Server] - 2025-04-28T15:27:52.462Z - Time taken for 'build-project-configs' 31.27749999985099ms
[NX Daemon Server] - 2025-04-28T15:27:52.467Z - Time taken for '@nxrocks/nx-spring-boot:createDependencies' 10.559249999932945ms
[NX Daemon Server] - 2025-04-28T15:27:52.494Z - [SYNC]: collect registered sync generators
[NX Daemon Server] - 2025-04-28T15:27:52.495Z - [SYNC]: project graph hash is the same, not collecting task sync generators
[NX Daemon Server] - 2025-04-28T15:27:52.495Z - [SYNC]: nx.json hash is the same, not collecting global sync generators
[NX Daemon Server] - 2025-04-28T15:27:52.495Z - [SYNC]: scheduling: []
[NX Daemon Server] - 2025-04-28T15:27:52.495Z - Time taken for 'total execution time for createProjectGraph()' 34.57129100011662ms
[NX Daemon Server] - 2025-04-28T15:28:54.368Z - [WATCHER]: apps/ecom-frontend/src/app/layout/footer/footer.component.html was modified
[NX Daemon Server] - 2025-04-28T15:28:54.372Z - [WATCHER]: Processing file changes in outputs
[NX Daemon Server] - 2025-04-28T15:28:54.811Z - [WATCHER]: .angular/cache/18.2.2/ecom-frontend/.tsbuildinfo was modified
[NX Daemon Server] - 2025-04-28T15:28:54.811Z - [WATCHER]: Processing file changes in outputs
[NX Daemon Server] - 2025-04-28T15:29:00.778Z - [REQUEST]: Updated workspace context based on watched changes, recomputing project graph...
[NX Daemon Server] - 2025-04-28T15:29:00.779Z - [REQUEST]: apps/ecom-frontend/src/app/layout/footer/footer.component.html,.angular/cache/18.2.2/ecom-frontend/.tsbuildinfo
[NX Daemon Server] - 2025-04-28T15:29:00.779Z - [REQUEST]: 
[NX Daemon Server] - 2025-04-28T15:29:00.787Z - Time taken for 'hash changed files from watcher' 2.0653749997727573ms
[NX Daemon Server] - 2025-04-28T15:29:00.823Z - Time taken for 'build-project-configs' 31.776374999899417ms
[NX Daemon Server] - 2025-04-28T15:29:00.829Z - Time taken for '@nxrocks/nx-spring-boot:createDependencies' 10.1926249996759ms
[NX Daemon Server] - 2025-04-28T15:29:00.862Z - [SYNC]: collect registered sync generators
[NX Daemon Server] - 2025-04-28T15:29:00.862Z - [SYNC]: project graph hash is the same, not collecting task sync generators
[NX Daemon Server] - 2025-04-28T15:29:00.862Z - [SYNC]: nx.json hash is the same, not collecting global sync generators
[NX Daemon Server] - 2025-04-28T15:29:00.862Z - [SYNC]: scheduling: []
[NX Daemon Server] - 2025-04-28T15:29:00.862Z - Time taken for 'total execution time for createProjectGraph()' 39.059375000186265ms
[NX Daemon Server] - 2025-04-28T18:19:31.664Z - [WATCHER]: apps/ecom-frontend/src/app/shared/font-awesome-icons.ts was modified
[NX Daemon Server] - 2025-04-28T18:19:31.669Z - [WATCHER]: Processing file changes in outputs
[NX Daemon Server] - 2025-04-28T18:19:32.130Z - [WATCHER]: .angular/cache/18.2.2/ecom-frontend/.tsbuildinfo was modified
[NX Daemon Server] - 2025-04-28T18:19:32.131Z - [WATCHER]: Processing file changes in outputs
[NX Daemon Server] - 2025-04-28T18:19:38.086Z - [REQUEST]: Updated workspace context based on watched changes, recomputing project graph...
[NX Daemon Server] - 2025-04-28T18:19:38.087Z - [REQUEST]: apps/ecom-frontend/src/app/shared/font-awesome-icons.ts,.angular/cache/18.2.2/ecom-frontend/.tsbuildinfo
[NX Daemon Server] - 2025-04-28T18:19:38.087Z - [REQUEST]: 
[NX Daemon Server] - 2025-04-28T18:19:38.101Z - Time taken for 'hash changed files from watcher' 5.488334000110626ms
[NX Daemon Server] - 2025-04-28T18:19:38.138Z - Time taken for 'build-project-configs' 33.91470899991691ms
[NX Daemon Server] - 2025-04-28T18:19:38.150Z - Time taken for '@nxrocks/nx-spring-boot:createDependencies' 15.216541999951005ms
[NX Daemon Server] - 2025-04-28T18:19:38.175Z - [SYNC]: collect registered sync generators
[NX Daemon Server] - 2025-04-28T18:19:38.176Z - [SYNC]: project graph hash is the same, not collecting task sync generators
[NX Daemon Server] - 2025-04-28T18:19:38.176Z - [SYNC]: nx.json hash is the same, not collecting global sync generators
[NX Daemon Server] - 2025-04-28T18:19:38.176Z - [SYNC]: scheduling: []
[NX Daemon Server] - 2025-04-28T18:19:38.176Z - Time taken for 'total execution time for createProjectGraph()' 36.42841599881649ms
[NX Daemon Server] - 2025-04-28T18:20:15.455Z - [WATCHER]: apps/ecom-frontend/src/app/shared/font-awesome-icons.ts was modified
[NX Daemon Server] - 2025-04-28T18:20:15.459Z - [WATCHER]: Processing file changes in outputs
[NX Daemon Server] - 2025-04-28T18:20:15.860Z - [WATCHER]: .angular/cache/18.2.2/ecom-frontend/.tsbuildinfo was modified
[NX Daemon Server] - 2025-04-28T18:20:15.860Z - [WATCHER]: Processing file changes in outputs
[NX Daemon Server] - 2025-04-28T18:20:21.864Z - [REQUEST]: Updated workspace context based on watched changes, recomputing project graph...
[NX Daemon Server] - 2025-04-28T18:20:21.864Z - [REQUEST]: apps/ecom-frontend/src/app/shared/font-awesome-icons.ts,.angular/cache/18.2.2/ecom-frontend/.tsbuildinfo
[NX Daemon Server] - 2025-04-28T18:20:21.864Z - [REQUEST]: 
[NX Daemon Server] - 2025-04-28T18:20:21.869Z - Time taken for 'hash changed files from watcher' 2.327749999240041ms
[NX Daemon Server] - 2025-04-28T18:20:21.889Z - Time taken for 'build-project-configs' 14.861916998401284ms
[NX Daemon Server] - 2025-04-28T18:20:21.895Z - Time taken for '@nxrocks/nx-spring-boot:createDependencies' 9.595208000391722ms
[NX Daemon Server] - 2025-04-28T18:20:21.924Z - [SYNC]: collect registered sync generators
[NX Daemon Server] - 2025-04-28T18:20:21.924Z - [SYNC]: project graph hash is the same, not collecting task sync generators
[NX Daemon Server] - 2025-04-28T18:20:21.924Z - [SYNC]: nx.json hash is the same, not collecting global sync generators
[NX Daemon Server] - 2025-04-28T18:20:21.924Z - [SYNC]: scheduling: []
[NX Daemon Server] - 2025-04-28T18:20:21.924Z - Time taken for 'total execution time for createProjectGraph()' 34.443666998296976ms
[NX Daemon Server] - 2025-04-28T18:20:22.595Z - [WATCHER]: apps/ecom-frontend/src/app/shared/font-awesome-icons.ts was modified
[NX Daemon Server] - 2025-04-28T18:20:22.595Z - [WATCHER]: Processing file changes in outputs
[NX Daemon Server] - 2025-04-28T18:20:22.963Z - [WATCHER]: .angular/cache/18.2.2/ecom-frontend/.tsbuildinfo was modified
[NX Daemon Server] - 2025-04-28T18:20:22.963Z - [WATCHER]: Processing file changes in outputs
[NX Daemon Server] - 2025-04-28T18:20:23.899Z - [WATCHER]: apps/ecom-frontend/src/app/shared/font-awesome-icons.ts was modified
[NX Daemon Server] - 2025-04-28T18:20:23.899Z - [WATCHER]: Processing file changes in outputs
[NX Daemon Server] - 2025-04-28T18:20:24.314Z - [WATCHER]: Processing file changes in outputs
[NX Daemon Server] - 2025-04-28T18:20:24.315Z - [WATCHER]: .angular/cache/18.2.2/ecom-frontend/.tsbuildinfo was modified
[NX Daemon Server] - 2025-04-28T18:20:29.000Z - [REQUEST]: Updated workspace context based on watched changes, recomputing project graph...
[NX Daemon Server] - 2025-04-28T18:20:29.001Z - [REQUEST]: apps/ecom-frontend/src/app/shared/font-awesome-icons.ts,.angular/cache/18.2.2/ecom-frontend/.tsbuildinfo
[NX Daemon Server] - 2025-04-28T18:20:29.001Z - [REQUEST]: 
[NX Daemon Server] - 2025-04-28T18:20:29.004Z - Time taken for 'hash changed files from watcher' 0.8682080004364252ms
[NX Daemon Server] - 2025-04-28T18:20:29.048Z - Time taken for 'build-project-configs' 36.01799999922514ms
[NX Daemon Server] - 2025-04-28T18:20:29.054Z - Time taken for '@nxrocks/nx-spring-boot:createDependencies' 11.714874999597669ms
[NX Daemon Server] - 2025-04-28T18:20:29.086Z - [SYNC]: collect registered sync generators
[NX Daemon Server] - 2025-04-28T18:20:29.086Z - [SYNC]: project graph hash is the same, not collecting task sync generators
[NX Daemon Server] - 2025-04-28T18:20:29.086Z - [SYNC]: nx.json hash is the same, not collecting global sync generators
[NX Daemon Server] - 2025-04-28T18:20:29.086Z - [SYNC]: scheduling: []
[NX Daemon Server] - 2025-04-28T18:20:29.086Z - Time taken for 'total execution time for createProjectGraph()' 40.63487499952316ms
[NX Daemon Server] - 2025-04-28T18:20:41.129Z - [WATCHER]: apps/ecom-frontend/src/app/layout/footer/footer.component.html was modified
[NX Daemon Server] - 2025-04-28T18:20:41.129Z - [WATCHER]: Processing file changes in outputs
[NX Daemon Server] - 2025-04-28T18:20:47.534Z - [REQUEST]: Updated workspace context based on watched changes, recomputing project graph...
[NX Daemon Server] - 2025-04-28T18:20:47.535Z - [REQUEST]: apps/ecom-frontend/src/app/layout/footer/footer.component.html
[NX Daemon Server] - 2025-04-28T18:20:47.535Z - [REQUEST]: 
[NX Daemon Server] - 2025-04-28T18:20:47.540Z - Time taken for 'hash changed files from watcher' 0.7915420010685921ms
[NX Daemon Server] - 2025-04-28T18:20:47.581Z - Time taken for 'build-project-configs' 36.189542001113296ms
[NX Daemon Server] - 2025-04-28T18:20:47.587Z - Time taken for '@nxrocks/nx-spring-boot:createDependencies' 10.38579099997878ms
[NX Daemon Server] - 2025-04-28T18:20:47.618Z - [SYNC]: collect registered sync generators
[NX Daemon Server] - 2025-04-28T18:20:47.619Z - [SYNC]: project graph hash is the same, not collecting task sync generators
[NX Daemon Server] - 2025-04-28T18:20:47.619Z - [SYNC]: nx.json hash is the same, not collecting global sync generators
[NX Daemon Server] - 2025-04-28T18:20:47.619Z - [SYNC]: scheduling: []
[NX Daemon Server] - 2025-04-28T18:20:47.619Z - Time taken for 'total execution time for createProjectGraph()' 38.683000000193715ms
[NX Daemon Server] - 2025-04-28T18:20:57.260Z - [WATCHER]: apps/ecom-frontend/src/app/layout/footer/footer.component.html was modified
[NX Daemon Server] - 2025-04-28T18:20:57.263Z - [WATCHER]: Processing file changes in outputs
[NX Daemon Server] - 2025-04-28T18:20:57.743Z - [WATCHER]: .angular/cache/18.2.2/ecom-frontend/.tsbuildinfo was modified
[NX Daemon Server] - 2025-04-28T18:20:57.743Z - [WATCHER]: Processing file changes in outputs
[NX Daemon Server] - 2025-04-28T18:21:03.668Z - [REQUEST]: Updated workspace context based on watched changes, recomputing project graph...
[NX Daemon Server] - 2025-04-28T18:21:03.668Z - [REQUEST]: apps/ecom-frontend/src/app/layout/footer/footer.component.html,.angular/cache/18.2.2/ecom-frontend/.tsbuildinfo
[NX Daemon Server] - 2025-04-28T18:21:03.668Z - [REQUEST]: 
[NX Daemon Server] - 2025-04-28T18:21:03.674Z - Time taken for 'hash changed files from watcher' 1.1000839993357658ms
[NX Daemon Server] - 2025-04-28T18:21:03.712Z - Time taken for 'build-project-configs' 35.93595799989998ms
[NX Daemon Server] - 2025-04-28T18:21:03.725Z - Time taken for '@nxrocks/nx-spring-boot:createDependencies' 17.434708001092076ms
[NX Daemon Server] - 2025-04-28T18:21:03.749Z - [SYNC]: collect registered sync generators
[NX Daemon Server] - 2025-04-28T18:21:03.749Z - [SYNC]: project graph hash is the same, not collecting task sync generators
[NX Daemon Server] - 2025-04-28T18:21:03.749Z - [SYNC]: nx.json hash is the same, not collecting global sync generators
[NX Daemon Server] - 2025-04-28T18:21:03.749Z - [SYNC]: scheduling: []
[NX Daemon Server] - 2025-04-28T18:21:03.749Z - Time taken for 'total execution time for createProjectGraph()' 37.257207999005914ms
[NX Daemon Server] - 2025-04-28T18:21:18.492Z - [WATCHER]: apps/ecom-frontend/src/app/layout/footer/footer.component.html was modified
[NX Daemon Server] - 2025-04-28T18:21:18.493Z - [WATCHER]: Processing file changes in outputs
[NX Daemon Server] - 2025-04-28T18:21:18.910Z - [WATCHER]: Processing file changes in outputs
[NX Daemon Server] - 2025-04-28T18:21:18.910Z - [WATCHER]: .angular/cache/18.2.2/ecom-frontend/.tsbuildinfo was modified
[NX Daemon Server] - 2025-04-28T18:21:24.897Z - [REQUEST]: Updated workspace context based on watched changes, recomputing project graph...
[NX Daemon Server] - 2025-04-28T18:21:24.897Z - [REQUEST]: apps/ecom-frontend/src/app/layout/footer/footer.component.html,.angular/cache/18.2.2/ecom-frontend/.tsbuildinfo
[NX Daemon Server] - 2025-04-28T18:21:24.897Z - [REQUEST]: 
[NX Daemon Server] - 2025-04-28T18:21:24.899Z - Time taken for 'hash changed files from watcher' 0.5877090003341436ms
[NX Daemon Server] - 2025-04-28T18:21:24.918Z - Time taken for 'build-project-configs' 15.530958000570536ms
[NX Daemon Server] - 2025-04-28T18:21:24.924Z - Time taken for '@nxrocks/nx-spring-boot:createDependencies' 9.181332999840379ms
[NX Daemon Server] - 2025-04-28T18:21:24.945Z - [SYNC]: collect registered sync generators
[NX Daemon Server] - 2025-04-28T18:21:24.945Z - [SYNC]: project graph hash is the same, not collecting task sync generators
[NX Daemon Server] - 2025-04-28T18:21:24.946Z - [SYNC]: nx.json hash is the same, not collecting global sync generators
[NX Daemon Server] - 2025-04-28T18:21:24.946Z - [SYNC]: scheduling: []
[NX Daemon Server] - 2025-04-28T18:21:24.946Z - Time taken for 'total execution time for createProjectGraph()' 26.7615419998765ms
[NX Daemon Server] - 2025-04-28T18:21:35.427Z - [WATCHER]: apps/ecom-frontend/src/app/layout/footer/footer.component.html was modified
[NX Daemon Server] - 2025-04-28T18:21:35.427Z - [WATCHER]: Processing file changes in outputs
[NX Daemon Server] - 2025-04-28T18:21:35.848Z - [WATCHER]: .angular/cache/18.2.2/ecom-frontend/.tsbuildinfo was modified
[NX Daemon Server] - 2025-04-28T18:21:35.849Z - [WATCHER]: Processing file changes in outputs
[NX Daemon Server] - 2025-04-28T18:21:41.832Z - [REQUEST]: Updated workspace context based on watched changes, recomputing project graph...
[NX Daemon Server] - 2025-04-28T18:21:41.832Z - [REQUEST]: apps/ecom-frontend/src/app/layout/footer/footer.component.html,.angular/cache/18.2.2/ecom-frontend/.tsbuildinfo
[NX Daemon Server] - 2025-04-28T18:21:41.832Z - [REQUEST]: 
[NX Daemon Server] - 2025-04-28T18:21:41.835Z - Time taken for 'hash changed files from watcher' 0.7358330003917217ms
[NX Daemon Server] - 2025-04-28T18:21:41.862Z - Time taken for 'build-project-configs' 21.050083000212908ms
[NX Daemon Server] - 2025-04-28T18:21:41.872Z - Time taken for '@nxrocks/nx-spring-boot:createDependencies' 15.294666999951005ms
[NX Daemon Server] - 2025-04-28T18:21:41.901Z - [SYNC]: collect registered sync generators
[NX Daemon Server] - 2025-04-28T18:21:41.901Z - [SYNC]: project graph hash is the same, not collecting task sync generators
[NX Daemon Server] - 2025-04-28T18:21:41.901Z - [SYNC]: nx.json hash is the same, not collecting global sync generators
[NX Daemon Server] - 2025-04-28T18:21:41.901Z - [SYNC]: scheduling: []
[NX Daemon Server] - 2025-04-28T18:21:41.901Z - Time taken for 'total execution time for createProjectGraph()' 39.21008300036192ms
[NX Daemon Server] - 2025-04-28T18:22:30.838Z - [WATCHER]: apps/ecom-frontend/src/app/layout/footer/footer.component.html was modified
[NX Daemon Server] - 2025-04-28T18:22:30.842Z - [WATCHER]: Processing file changes in outputs
[NX Daemon Server] - 2025-04-28T18:22:31.319Z - [WATCHER]: .angular/cache/18.2.2/ecom-frontend/.tsbuildinfo was modified
[NX Daemon Server] - 2025-04-28T18:22:31.320Z - [WATCHER]: Processing file changes in outputs
[NX Daemon Server] - 2025-04-28T18:22:37.251Z - [REQUEST]: Updated workspace context based on watched changes, recomputing project graph...
[NX Daemon Server] - 2025-04-28T18:22:37.252Z - [REQUEST]: apps/ecom-frontend/src/app/layout/footer/footer.component.html,.angular/cache/18.2.2/ecom-frontend/.tsbuildinfo
[NX Daemon Server] - 2025-04-28T18:22:37.252Z - [REQUEST]: 
[NX Daemon Server] - 2025-04-28T18:22:37.261Z - Time taken for 'hash changed files from watcher' 3.8327500000596046ms
[NX Daemon Server] - 2025-04-28T18:22:37.295Z - Time taken for 'build-project-configs' 30.380374999716878ms
[NX Daemon Server] - 2025-04-28T18:22:37.303Z - Time taken for '@nxrocks/nx-spring-boot:createDependencies' 10.990708000957966ms
[NX Daemon Server] - 2025-04-28T18:22:37.330Z - [SYNC]: collect registered sync generators
[NX Daemon Server] - 2025-04-28T18:22:37.330Z - [SYNC]: project graph hash is the same, not collecting task sync generators
[NX Daemon Server] - 2025-04-28T18:22:37.330Z - [SYNC]: nx.json hash is the same, not collecting global sync generators
[NX Daemon Server] - 2025-04-28T18:22:37.330Z - [SYNC]: scheduling: []
[NX Daemon Server] - 2025-04-28T18:22:37.330Z - Time taken for 'total execution time for createProjectGraph()' 34.24891700036824ms
[NX Daemon Server] - 2025-04-28T18:22:42.975Z - [WATCHER]: apps/ecom-frontend/src/app/layout/footer/footer.component.html was modified
[NX Daemon Server] - 2025-04-28T18:22:42.975Z - [WATCHER]: Processing file changes in outputs
[NX Daemon Server] - 2025-04-28T18:22:43.414Z - [WATCHER]: .angular/cache/18.2.2/ecom-frontend/.tsbuildinfo was modified
[NX Daemon Server] - 2025-04-28T18:22:43.414Z - [WATCHER]: Processing file changes in outputs
[NX Daemon Server] - 2025-04-28T18:22:49.380Z - [REQUEST]: Updated workspace context based on watched changes, recomputing project graph...
[NX Daemon Server] - 2025-04-28T18:22:49.381Z - [REQUEST]: apps/ecom-frontend/src/app/layout/footer/footer.component.html,.angular/cache/18.2.2/ecom-frontend/.tsbuildinfo
[NX Daemon Server] - 2025-04-28T18:22:49.381Z - [REQUEST]: 
[NX Daemon Server] - 2025-04-28T18:22:49.383Z - Time taken for 'hash changed files from watcher' 1.0869580004364252ms
[NX Daemon Server] - 2025-04-28T18:22:49.411Z - Time taken for 'build-project-configs' 21.657250000163913ms
[NX Daemon Server] - 2025-04-28T18:22:49.415Z - Time taken for '@nxrocks/nx-spring-boot:createDependencies' 7.90391700156033ms
[NX Daemon Server] - 2025-04-28T18:22:49.436Z - [SYNC]: collect registered sync generators
[NX Daemon Server] - 2025-04-28T18:22:49.436Z - [SYNC]: project graph hash is the same, not collecting task sync generators
[NX Daemon Server] - 2025-04-28T18:22:49.436Z - [SYNC]: nx.json hash is the same, not collecting global sync generators
[NX Daemon Server] - 2025-04-28T18:22:49.436Z - [SYNC]: scheduling: []
[NX Daemon Server] - 2025-04-28T18:22:49.436Z - Time taken for 'total execution time for createProjectGraph()' 27.682792000472546ms
[NX Daemon Server] - 2025-04-28T18:23:09.856Z - [WATCHER]: apps/ecom-frontend/src/app/shared/font-awesome-icons.ts was modified
[NX Daemon Server] - 2025-04-28T18:23:09.857Z - [WATCHER]: Processing file changes in outputs
[NX Daemon Server] - 2025-04-28T18:23:10.287Z - [WATCHER]: Processing file changes in outputs
[NX Daemon Server] - 2025-04-28T18:23:10.291Z - [WATCHER]: .angular/cache/18.2.2/ecom-frontend/.tsbuildinfo was modified
[NX Daemon Server] - 2025-04-28T18:23:16.264Z - [REQUEST]: Updated workspace context based on watched changes, recomputing project graph...
[NX Daemon Server] - 2025-04-28T18:23:16.264Z - [REQUEST]: apps/ecom-frontend/src/app/shared/font-awesome-icons.ts,.angular/cache/18.2.2/ecom-frontend/.tsbuildinfo
[NX Daemon Server] - 2025-04-28T18:23:16.265Z - [REQUEST]: 
[NX Daemon Server] - 2025-04-28T18:23:16.270Z - Time taken for 'hash changed files from watcher' 1.0745840016752481ms
[NX Daemon Server] - 2025-04-28T18:23:16.303Z - Time taken for 'build-project-configs' 29.44924999959767ms
[NX Daemon Server] - 2025-04-28T18:23:16.308Z - Time taken for '@nxrocks/nx-spring-boot:createDependencies' 9.523749999701977ms
[NX Daemon Server] - 2025-04-28T18:23:16.335Z - [SYNC]: collect registered sync generators
[NX Daemon Server] - 2025-04-28T18:23:16.336Z - [SYNC]: project graph hash is the same, not collecting task sync generators
[NX Daemon Server] - 2025-04-28T18:23:16.336Z - [SYNC]: nx.json hash is the same, not collecting global sync generators
[NX Daemon Server] - 2025-04-28T18:23:16.336Z - [SYNC]: scheduling: []
[NX Daemon Server] - 2025-04-28T18:23:16.336Z - Time taken for 'total execution time for createProjectGraph()' 33.526915999129415ms
[NX Daemon Server] - 2025-04-28T18:23:17.673Z - [WATCHER]: apps/ecom-frontend/src/app/shared/font-awesome-icons.ts was modified
[NX Daemon Server] - 2025-04-28T18:23:17.673Z - [WATCHER]: Processing file changes in outputs
[NX Daemon Server] - 2025-04-28T18:23:18.067Z - [WATCHER]: .angular/cache/18.2.2/ecom-frontend/.tsbuildinfo was modified
[NX Daemon Server] - 2025-04-28T18:23:18.068Z - [WATCHER]: Processing file changes in outputs
[NX Daemon Server] - 2025-04-28T18:23:24.094Z - [REQUEST]: Updated workspace context based on watched changes, recomputing project graph...
[NX Daemon Server] - 2025-04-28T18:23:24.094Z - [REQUEST]: apps/ecom-frontend/src/app/shared/font-awesome-icons.ts,.angular/cache/18.2.2/ecom-frontend/.tsbuildinfo
[NX Daemon Server] - 2025-04-28T18:23:24.094Z - [REQUEST]: 
[NX Daemon Server] - 2025-04-28T18:23:24.126Z - Time taken for 'hash changed files from watcher' 2.5492920000106096ms
[NX Daemon Server] - 2025-04-28T18:23:24.168Z - Time taken for 'build-project-configs' 38.548832999542356ms
[NX Daemon Server] - 2025-04-28T18:23:24.174Z - Time taken for '@nxrocks/nx-spring-boot:createDependencies' 9.121375000104308ms
[NX Daemon Server] - 2025-04-28T18:23:24.199Z - [SYNC]: collect registered sync generators
[NX Daemon Server] - 2025-04-28T18:23:24.199Z - [SYNC]: project graph hash is the same, not collecting task sync generators
[NX Daemon Server] - 2025-04-28T18:23:24.199Z - [SYNC]: nx.json hash is the same, not collecting global sync generators
[NX Daemon Server] - 2025-04-28T18:23:24.199Z - [SYNC]: scheduling: []
[NX Daemon Server] - 2025-04-28T18:23:24.199Z - Time taken for 'total execution time for createProjectGraph()' 33.87812499888241ms
[NX Daemon Server] - 2025-04-28T18:29:09.197Z - [WATCHER]: apps/ecom-frontend/src/app/shared/font-awesome-icons.ts was modified
[NX Daemon Server] - 2025-04-28T18:29:09.201Z - [WATCHER]: Processing file changes in outputs
[NX Daemon Server] - 2025-04-28T18:29:09.659Z - [WATCHER]: Processing file changes in outputs
[NX Daemon Server] - 2025-04-28T18:29:09.660Z - [WATCHER]: .angular/cache/18.2.2/ecom-frontend/.tsbuildinfo was modified
[NX Daemon Server] - 2025-04-28T18:29:15.605Z - [REQUEST]: Updated workspace context based on watched changes, recomputing project graph...
[NX Daemon Server] - 2025-04-28T18:29:15.605Z - [REQUEST]: apps/ecom-frontend/src/app/shared/font-awesome-icons.ts,.angular/cache/18.2.2/ecom-frontend/.tsbuildinfo
[NX Daemon Server] - 2025-04-28T18:29:15.605Z - [REQUEST]: 
[NX Daemon Server] - 2025-04-28T18:29:15.612Z - Time taken for 'hash changed files from watcher' 2.081291999667883ms
[NX Daemon Server] - 2025-04-28T18:29:15.641Z - Time taken for 'build-project-configs' 24.665541000664234ms
[NX Daemon Server] - 2025-04-28T18:29:15.652Z - Time taken for '@nxrocks/nx-spring-boot:createDependencies' 14.357166999951005ms
[NX Daemon Server] - 2025-04-28T18:29:15.677Z - [SYNC]: collect registered sync generators
[NX Daemon Server] - 2025-04-28T18:29:15.678Z - [SYNC]: project graph hash is the same, not collecting task sync generators
[NX Daemon Server] - 2025-04-28T18:29:15.678Z - [SYNC]: nx.json hash is the same, not collecting global sync generators
[NX Daemon Server] - 2025-04-28T18:29:15.678Z - [SYNC]: scheduling: []
[NX Daemon Server] - 2025-04-28T18:29:15.678Z - Time taken for 'total execution time for createProjectGraph()' 35.03054100088775ms
[NX Daemon Server] - 2025-04-28T18:29:42.912Z - [WATCHER]: apps/ecom-frontend/src/app/shared/font-awesome-icons.ts was modified
[NX Daemon Server] - 2025-04-28T18:29:42.913Z - [WATCHER]: Processing file changes in outputs
[NX Daemon Server] - 2025-04-28T18:29:43.345Z - [WATCHER]: Processing file changes in outputs
[NX Daemon Server] - 2025-04-28T18:29:43.353Z - [WATCHER]: .angular/cache/18.2.2/ecom-frontend/.tsbuildinfo was modified
[NX Daemon Server] - 2025-04-28T18:29:49.319Z - [REQUEST]: Updated workspace context based on watched changes, recomputing project graph...
[NX Daemon Server] - 2025-04-28T18:29:49.320Z - [REQUEST]: apps/ecom-frontend/src/app/shared/font-awesome-icons.ts,.angular/cache/18.2.2/ecom-frontend/.tsbuildinfo
[NX Daemon Server] - 2025-04-28T18:29:49.320Z - [REQUEST]: 
[NX Daemon Server] - 2025-04-28T18:29:49.323Z - Time taken for 'hash changed files from watcher' 1.0343340002000332ms
[NX Daemon Server] - 2025-04-28T18:29:49.356Z - Time taken for 'build-project-configs' 26.892707999795675ms
[NX Daemon Server] - 2025-04-28T18:29:49.367Z - Time taken for '@nxrocks/nx-spring-boot:createDependencies' 16.918792000040412ms
[NX Daemon Server] - 2025-04-28T18:29:49.392Z - [SYNC]: collect registered sync generators
[NX Daemon Server] - 2025-04-28T18:29:49.392Z - [SYNC]: project graph hash is the same, not collecting task sync generators
[NX Daemon Server] - 2025-04-28T18:29:49.392Z - [SYNC]: nx.json hash is the same, not collecting global sync generators
[NX Daemon Server] - 2025-04-28T18:29:49.392Z - [SYNC]: scheduling: []
[NX Daemon Server] - 2025-04-28T18:29:49.392Z - Time taken for 'total execution time for createProjectGraph()' 37.627125000581145ms
[NX Daemon Server] - 2025-04-28T18:29:52.022Z - [WATCHER]: apps/ecom-frontend/src/app/layout/footer/footer.component.html was modified
[NX Daemon Server] - 2025-04-28T18:29:52.022Z - [WATCHER]: Processing file changes in outputs
[NX Daemon Server] - 2025-04-28T18:29:58.429Z - [REQUEST]: Updated workspace context based on watched changes, recomputing project graph...
[NX Daemon Server] - 2025-04-28T18:29:58.431Z - [REQUEST]: apps/ecom-frontend/src/app/layout/footer/footer.component.html
[NX Daemon Server] - 2025-04-28T18:29:58.431Z - [REQUEST]: 
[NX Daemon Server] - 2025-04-28T18:29:58.436Z - Time taken for 'hash changed files from watcher' 1.0096250008791685ms
[NX Daemon Server] - 2025-04-28T18:29:58.475Z - Time taken for 'build-project-configs' 33.82533400133252ms
[NX Daemon Server] - 2025-04-28T18:29:58.481Z - Time taken for '@nxrocks/nx-spring-boot:createDependencies' 10.55820900015533ms
[NX Daemon Server] - 2025-04-28T18:29:58.505Z - [SYNC]: collect registered sync generators
[NX Daemon Server] - 2025-04-28T18:29:58.505Z - [SYNC]: project graph hash is the same, not collecting task sync generators
[NX Daemon Server] - 2025-04-28T18:29:58.505Z - [SYNC]: nx.json hash is the same, not collecting global sync generators
[NX Daemon Server] - 2025-04-28T18:29:58.505Z - [SYNC]: scheduling: []
[NX Daemon Server] - 2025-04-28T18:29:58.505Z - Time taken for 'total execution time for createProjectGraph()' 32.557499999180436ms
[NX Daemon Server] - 2025-04-28T18:29:59.528Z - [WATCHER]: apps/ecom-frontend/src/app/layout/footer/footer.component.html was modified
[NX Daemon Server] - 2025-04-28T18:29:59.528Z - [WATCHER]: Processing file changes in outputs
[NX Daemon Server] - 2025-04-28T18:29:59.960Z - [WATCHER]: .angular/cache/18.2.2/ecom-frontend/.tsbuildinfo was modified
[NX Daemon Server] - 2025-04-28T18:29:59.960Z - [WATCHER]: Processing file changes in outputs
[NX Daemon Server] - 2025-04-28T18:30:05.933Z - [REQUEST]: Updated workspace context based on watched changes, recomputing project graph...
[NX Daemon Server] - 2025-04-28T18:30:05.934Z - [REQUEST]: apps/ecom-frontend/src/app/layout/footer/footer.component.html,.angular/cache/18.2.2/ecom-frontend/.tsbuildinfo
[NX Daemon Server] - 2025-04-28T18:30:05.935Z - [REQUEST]: 
[NX Daemon Server] - 2025-04-28T18:30:05.938Z - Time taken for 'hash changed files from watcher' 1.4566249996423721ms
[NX Daemon Server] - 2025-04-28T18:30:05.971Z - Time taken for 'build-project-configs' 28.004665998741984ms
[NX Daemon Server] - 2025-04-28T18:30:05.979Z - Time taken for '@nxrocks/nx-spring-boot:createDependencies' 12.577332999557257ms
[NX Daemon Server] - 2025-04-28T18:30:06.009Z - [SYNC]: collect registered sync generators
[NX Daemon Server] - 2025-04-28T18:30:06.009Z - [SYNC]: project graph hash is the same, not collecting task sync generators
[NX Daemon Server] - 2025-04-28T18:30:06.009Z - [SYNC]: nx.json hash is the same, not collecting global sync generators
[NX Daemon Server] - 2025-04-28T18:30:06.009Z - [SYNC]: scheduling: []
[NX Daemon Server] - 2025-04-28T18:30:06.009Z - Time taken for 'total execution time for createProjectGraph()' 37.21549999900162ms
[NX Daemon Server] - 2025-04-28T18:30:07.334Z - [WATCHER]: apps/ecom-frontend/src/app/layout/footer/footer.component.html was modified
[NX Daemon Server] - 2025-04-28T18:30:07.334Z - [WATCHER]: Processing file changes in outputs
[NX Daemon Server] - 2025-04-28T18:30:07.744Z - [WATCHER]: .angular/cache/18.2.2/ecom-frontend/.tsbuildinfo was modified
[NX Daemon Server] - 2025-04-28T18:30:07.744Z - [WATCHER]: Processing file changes in outputs
[NX Daemon Server] - 2025-04-28T18:30:13.738Z - [REQUEST]: Updated workspace context based on watched changes, recomputing project graph...
[NX Daemon Server] - 2025-04-28T18:30:13.739Z - [REQUEST]: apps/ecom-frontend/src/app/layout/footer/footer.component.html,.angular/cache/18.2.2/ecom-frontend/.tsbuildinfo
[NX Daemon Server] - 2025-04-28T18:30:13.739Z - [REQUEST]: 
[NX Daemon Server] - 2025-04-28T18:30:13.741Z - Time taken for 'hash changed files from watcher' 1.2690830007195473ms
[NX Daemon Server] - 2025-04-28T18:30:13.765Z - Time taken for 'build-project-configs' 19.892207998782396ms
[NX Daemon Server] - 2025-04-28T18:30:13.769Z - Time taken for '@nxrocks/nx-spring-boot:createDependencies' 7.617333998903632ms
[NX Daemon Server] - 2025-04-28T18:30:13.793Z - [SYNC]: collect registered sync generators
[NX Daemon Server] - 2025-04-28T18:30:13.793Z - [SYNC]: project graph hash is the same, not collecting task sync generators
[NX Daemon Server] - 2025-04-28T18:30:13.793Z - [SYNC]: nx.json hash is the same, not collecting global sync generators
[NX Daemon Server] - 2025-04-28T18:30:13.793Z - [SYNC]: scheduling: []
[NX Daemon Server] - 2025-04-28T18:30:13.793Z - Time taken for 'total execution time for createProjectGraph()' 27.377125000581145ms
[NX Daemon Server] - 2025-04-28T18:30:14.088Z - [WATCHER]: apps/ecom-frontend/src/app/layout/footer/footer.component.html was modified
[NX Daemon Server] - 2025-04-28T18:30:14.088Z - [WATCHER]: Processing file changes in outputs
[NX Daemon Server] - 2025-04-28T18:30:14.560Z - [WATCHER]: .angular/cache/18.2.2/ecom-frontend/.tsbuildinfo was modified
[NX Daemon Server] - 2025-04-28T18:30:14.561Z - [WATCHER]: Processing file changes in outputs
[NX Daemon Server] - 2025-04-28T18:30:20.496Z - [REQUEST]: Updated workspace context based on watched changes, recomputing project graph...
[NX Daemon Server] - 2025-04-28T18:30:20.497Z - [REQUEST]: apps/ecom-frontend/src/app/layout/footer/footer.component.html,.angular/cache/18.2.2/ecom-frontend/.tsbuildinfo
[NX Daemon Server] - 2025-04-28T18:30:20.497Z - [REQUEST]: 
[NX Daemon Server] - 2025-04-28T18:30:20.499Z - Time taken for 'hash changed files from watcher' 3.258915999904275ms
[NX Daemon Server] - 2025-04-28T18:30:20.531Z - Time taken for 'build-project-configs' 26.76404100097716ms
[NX Daemon Server] - 2025-04-28T18:30:20.538Z - Time taken for '@nxrocks/nx-spring-boot:createDependencies' 11.143291000276804ms
[NX Daemon Server] - 2025-04-28T18:30:20.568Z - [SYNC]: collect registered sync generators
[NX Daemon Server] - 2025-04-28T18:30:20.568Z - [SYNC]: project graph hash is the same, not collecting task sync generators
[NX Daemon Server] - 2025-04-28T18:30:20.568Z - [SYNC]: nx.json hash is the same, not collecting global sync generators
[NX Daemon Server] - 2025-04-28T18:30:20.568Z - [SYNC]: scheduling: []
[NX Daemon Server] - 2025-04-28T18:30:20.569Z - Time taken for 'total execution time for createProjectGraph()' 37.40395800024271ms
[NX Daemon Server] - 2025-04-28T18:30:23.534Z - [WATCHER]: apps/ecom-frontend/src/app/layout/footer/footer.component.html was modified
[NX Daemon Server] - 2025-04-28T18:30:23.535Z - [WATCHER]: Processing file changes in outputs
[NX Daemon Server] - 2025-04-28T18:30:23.941Z - [WATCHER]: .angular/cache/18.2.2/ecom-frontend/.tsbuildinfo was modified
[NX Daemon Server] - 2025-04-28T18:30:23.941Z - [WATCHER]: Processing file changes in outputs
[NX Daemon Server] - 2025-04-28T18:30:29.938Z - [REQUEST]: Updated workspace context based on watched changes, recomputing project graph...
[NX Daemon Server] - 2025-04-28T18:30:29.938Z - [REQUEST]: apps/ecom-frontend/src/app/layout/footer/footer.component.html,.angular/cache/18.2.2/ecom-frontend/.tsbuildinfo
[NX Daemon Server] - 2025-04-28T18:30:29.938Z - [REQUEST]: 
[NX Daemon Server] - 2025-04-28T18:30:29.941Z - Time taken for 'hash changed files from watcher' 0.9189580008387566ms
[NX Daemon Server] - 2025-04-28T18:30:29.963Z - Time taken for 'build-project-configs' 19.64212500117719ms
[NX Daemon Server] - 2025-04-28T18:30:29.971Z - Time taken for '@nxrocks/nx-spring-boot:createDependencies' 10.878208000212908ms
[NX Daemon Server] - 2025-04-28T18:30:29.998Z - [SYNC]: collect registered sync generators
[NX Daemon Server] - 2025-04-28T18:30:29.998Z - [SYNC]: project graph hash is the same, not collecting task sync generators
[NX Daemon Server] - 2025-04-28T18:30:29.998Z - [SYNC]: nx.json hash is the same, not collecting global sync generators
[NX Daemon Server] - 2025-04-28T18:30:29.998Z - [SYNC]: scheduling: []
[NX Daemon Server] - 2025-04-28T18:30:29.998Z - Time taken for 'total execution time for createProjectGraph()' 33.91395900025964ms
[NX Daemon Server] - 2025-04-28T18:30:48.777Z - Closed a connection. Number of open connections: 1
[NX Daemon Server] - 2025-04-28T18:30:48.834Z - Closed a connection. Number of open connections: 0
